This is pdfTeX, Version 3.14159265-2.6-1.40.18 (TeX Live 2017) (preloaded format=pdflatex 2017.5.23)  13 JUL 2021 13:02
entering extended mode
 restricted \write18 enabled.
 file:line:error style messages enabled.
 %&-line parsing enabled.
**ms.tex
(./ms.tex
LaTeX2e <2017-04-15>
Babel <3.10> and hyphenation patterns for 84 language(s) loaded.
(/usr/local/texlive/2017/texmf-dist/tex/latex/base/article.cls
Document Class: article 2014/09/29 v1.4h Standard LaTeX document class
(/usr/local/texlive/2017/texmf-dist/tex/latex/base/size12.clo
File: size12.clo 2014/09/29 v1.4h Standard LaTeX file (size option)
)
\c@part=\count79
\c@section=\count80
\c@subsection=\count81
\c@subsubsection=\count82
\c@paragraph=\count83
\c@subparagraph=\count84
\c@figure=\count85
\c@table=\count86
\abovecaptionskip=\skip41
\belowcaptionskip=\skip42
\bibindent=\dimen102
)
(/usr/local/texlive/2017/texmf-dist/tex/generic/babel/babel.sty
Package: babel 2017/05/19 3.10 The Babel package

(/usr/local/texlive/2017/texmf-dist/tex/generic/babel-english/english.ldf
Language: english 2017/01/24 v3.3q English support from the babel system

(/usr/local/texlive/2017/texmf-dist/tex/generic/babel/babel.def
File: babel.def 2017/05/19 3.10 Babel common definitions
\babel@savecnt=\count87
\U@D=\dimen103
)
\l@canadian = a dialect from \language\l@american 
\l@australian = a dialect from \language\l@british 
\l@newzealand = a dialect from \language\l@british 
))
(/usr/local/texlive/2017/texmf-dist/tex/latex/amsmath/amsmath.sty
Package: amsmath 2016/11/05 v2.16a AMS math features
\@mathmargin=\skip43

For additional information on amsmath, use the `?' option.
(/usr/local/texlive/2017/texmf-dist/tex/latex/amsmath/amstext.sty
Package: amstext 2000/06/29 v2.01 AMS text

(/usr/local/texlive/2017/texmf-dist/tex/latex/amsmath/amsgen.sty
File: amsgen.sty 1999/11/30 v2.0 generic functions
\@emptytoks=\toks14
\ex@=\dimen104
))
(/usr/local/texlive/2017/texmf-dist/tex/latex/amsmath/amsbsy.sty
Package: amsbsy 1999/11/29 v1.2d Bold Symbols
\pmbraise@=\dimen105
)
(/usr/local/texlive/2017/texmf-dist/tex/latex/amsmath/amsopn.sty
Package: amsopn 2016/03/08 v2.02 operator names
)
\inf@bad=\count88
LaTeX Info: Redefining \frac on input line 213.
\uproot@=\count89
\leftroot@=\count90
LaTeX Info: Redefining \overline on input line 375.
\classnum@=\count91
\DOTSCASE@=\count92
LaTeX Info: Redefining \ldots on input line 472.
LaTeX Info: Redefining \dots on input line 475.
LaTeX Info: Redefining \cdots on input line 596.
\Mathstrutbox@=\box26
\strutbox@=\box27
\big@size=\dimen106
LaTeX Font Info:    Redeclaring font encoding OML on input line 712.
LaTeX Font Info:    Redeclaring font encoding OMS on input line 713.
\macc@depth=\count93
\c@MaxMatrixCols=\count94
\dotsspace@=\muskip10
\c@parentequation=\count95
\dspbrk@lvl=\count96
\tag@help=\toks15
\row@=\count97
\column@=\count98
\maxfields@=\count99
\andhelp@=\toks16
\eqnshift@=\dimen107
\alignsep@=\dimen108
\tagshift@=\dimen109
\tagwidth@=\dimen110
\totwidth@=\dimen111
\lineht@=\dimen112
\@envbody=\toks17
\multlinegap=\skip44
\multlinetaggap=\skip45
\mathdisplay@stack=\toks18
LaTeX Info: Redefining \[ on input line 2817.
LaTeX Info: Redefining \] on input line 2818.
)
(/usr/local/texlive/2017/texmf-dist/tex/latex/amsfonts/amssymb.sty
Package: amssymb 2013/01/14 v3.01 AMS font symbols

(/usr/local/texlive/2017/texmf-dist/tex/latex/amsfonts/amsfonts.sty
Package: amsfonts 2013/01/14 v3.01 Basic AMSFonts support
\symAMSa=\mathgroup4
\symAMSb=\mathgroup5
LaTeX Font Info:    Overwriting math alphabet `\mathfrak' in version `bold'
(Font)                  U/euf/m/n --> U/euf/b/n on input line 106.
))
(/usr/local/texlive/2017/texmf-dist/tex/latex/tools/bm.sty
Package: bm 2017/01/16 v1.2c Bold Symbol Support (DPC/FMi)
\symboldoperators=\mathgroup6
\symboldletters=\mathgroup7
\symboldsymbols=\mathgroup8
LaTeX Font Info:    Redeclaring math alphabet \mathbf on input line 141.
LaTeX Info: Redefining \bm on input line 207.
)
(/usr/local/texlive/2017/texmf-dist/tex/latex/xcolor/xcolor.sty
Package: xcolor 2016/05/11 v2.12 LaTeX color extensions (UK)

(/usr/local/texlive/2017/texmf-dist/tex/latex/graphics-cfg/color.cfg
File: color.cfg 2016/01/02 v1.6 sample color configuration
)
Package xcolor Info: Driver file: pdftex.def on input line 225.

(/usr/local/texlive/2017/texmf-dist/tex/latex/graphics-def/pdftex.def
File: pdftex.def 2017/01/12 v0.06k Graphics/color for pdfTeX

(/usr/local/texlive/2017/texmf-dist/tex/generic/oberdiek/infwarerr.sty
Package: infwarerr 2016/05/16 v1.4 Providing info/warning/error messages (HO)
)
(/usr/local/texlive/2017/texmf-dist/tex/generic/oberdiek/ltxcmds.sty
Package: ltxcmds 2016/05/16 v1.23 LaTeX kernel commands for general use (HO)
)
\Gread@gobject=\count100
)
(/usr/local/texlive/2017/texmf-dist/tex/latex/colortbl/colortbl.sty
Package: colortbl 2012/02/13 v1.0a Color table columns (DPC)

(/usr/local/texlive/2017/texmf-dist/tex/latex/tools/array.sty
Package: array 2016/10/06 v2.4d Tabular extension package (FMi)
\col@sep=\dimen113
\extrarowheight=\dimen114
\NC@list=\toks19
\extratabsurround=\skip46
\backup@length=\skip47
)
\everycr=\toks20
\minrowclearance=\skip48
)
\rownum=\count101
Package xcolor Info: Model `cmy' substituted by `cmy0' on input line 1348.
Package xcolor Info: Model `hsb' substituted by `rgb' on input line 1352.
Package xcolor Info: Model `RGB' extended on input line 1364.
Package xcolor Info: Model `HTML' substituted by `rgb' on input line 1366.
Package xcolor Info: Model `Hsb' substituted by `hsb' on input line 1367.
Package xcolor Info: Model `tHsb' substituted by `hsb' on input line 1368.
Package xcolor Info: Model `HSB' substituted by `hsb' on input line 1369.
Package xcolor Info: Model `Gray' substituted by `gray' on input line 1370.
Package xcolor Info: Model `wave' substituted by `hsb' on input line 1371.
)
(/usr/local/texlive/2017/texmf-dist/tex/latex/preprint/authblk.sty
Package: authblk 2001/02/27 1.3 (PWD)
\affilsep=\skip49
\@affilsep=\skip50
\c@Maxaffil=\count102
\c@authors=\count103
\c@affil=\count104
)
(/usr/local/texlive/2017/texmf-dist/tex/latex/natbib/natbib.sty
Package: natbib 2010/09/13 8.31b (PWD, AO)
\bibhang=\skip51
\bibsep=\skip52
LaTeX Info: Redefining \cite on input line 694.
\c@NAT@ctr=\count105
)
(/usr/local/texlive/2017/texmf-dist/tex/latex/hyperref/hyperref.sty
Package: hyperref 2017/03/14 v6.85a Hypertext links for LaTeX

(/usr/local/texlive/2017/texmf-dist/tex/generic/oberdiek/hobsub-hyperref.sty
Package: hobsub-hyperref 2016/05/16 v1.14 Bundle oberdiek, subset hyperref (HO)


(/usr/local/texlive/2017/texmf-dist/tex/generic/oberdiek/hobsub-generic.sty
Package: hobsub-generic 2016/05/16 v1.14 Bundle oberdiek, subset generic (HO)
Package: hobsub 2016/05/16 v1.14 Construct package bundles (HO)
Package hobsub Info: Skipping package `infwarerr' (already loaded).
Package hobsub Info: Skipping package `ltxcmds' (already loaded).
Package: ifluatex 2016/05/16 v1.4 Provides the ifluatex switch (HO)
Package ifluatex Info: LuaTeX not detected.
Package: ifvtex 2016/05/16 v1.6 Detect VTeX and its facilities (HO)
Package ifvtex Info: VTeX not detected.
Package: intcalc 2016/05/16 v1.2 Expandable calculations with integers (HO)
Package: ifpdf 2017/03/15 v3.2 Provides the ifpdf switch
Package: etexcmds 2016/05/16 v1.6 Avoid name clashes with e-TeX commands (HO)
Package etexcmds Info: Could not find \expanded.
(etexcmds)             That can mean that you are not using pdfTeX 1.50 or
(etexcmds)             that some package has redefined \expanded.
(etexcmds)             In the latter case, load this package earlier.
Package: kvsetkeys 2016/05/16 v1.17 Key value parser (HO)
Package: kvdefinekeys 2016/05/16 v1.4 Define keys (HO)
Package: pdftexcmds 2017/03/19 v0.25 Utility functions of pdfTeX for LuaTeX (HO
)
Package pdftexcmds Info: LuaTeX not detected.
Package pdftexcmds Info: \pdf@primitive is available.
Package pdftexcmds Info: \pdf@ifprimitive is available.
Package pdftexcmds Info: \pdfdraftmode found.
Package: pdfescape 2016/05/16 v1.14 Implements pdfTeX's escape features (HO)
Package: bigintcalc 2016/05/16 v1.4 Expandable calculations on big integers (HO
)
Package: bitset 2016/05/16 v1.2 Handle bit-vector datatype (HO)
Package: uniquecounter 2016/05/16 v1.3 Provide unlimited unique counter (HO)
)
Package hobsub Info: Skipping package `hobsub' (already loaded).
Package: letltxmacro 2016/05/16 v1.5 Let assignment for LaTeX macros (HO)
Package: hopatch 2016/05/16 v1.3 Wrapper for package hooks (HO)
Package: xcolor-patch 2016/05/16 xcolor patch
Package: atveryend 2016/05/16 v1.9 Hooks at the very end of document (HO)
Package atveryend Info: \enddocument detected (standard20110627).
Package: atbegshi 2016/06/09 v1.18 At begin shipout hook (HO)
Package: refcount 2016/05/16 v3.5 Data extraction from label references (HO)
Package: hycolor 2016/05/16 v1.8 Color options for hyperref/bookmark (HO)
)
(/usr/local/texlive/2017/texmf-dist/tex/latex/graphics/keyval.sty
Package: keyval 2014/10/28 v1.15 key=value parser (DPC)
\KV@toks@=\toks21
)
(/usr/local/texlive/2017/texmf-dist/tex/generic/ifxetex/ifxetex.sty
Package: ifxetex 2010/09/12 v0.6 Provides ifxetex conditional
)
(/usr/local/texlive/2017/texmf-dist/tex/latex/oberdiek/auxhook.sty
Package: auxhook 2016/05/16 v1.4 Hooks for auxiliary files (HO)
)
(/usr/local/texlive/2017/texmf-dist/tex/latex/oberdiek/kvoptions.sty
Package: kvoptions 2016/05/16 v3.12 Key value format for package options (HO)
)
\@linkdim=\dimen115
\Hy@linkcounter=\count106
\Hy@pagecounter=\count107

(/usr/local/texlive/2017/texmf-dist/tex/latex/hyperref/pd1enc.def
File: pd1enc.def 2017/03/14 v6.85a Hyperref: PDFDocEncoding definition (HO)
)
\Hy@SavedSpaceFactor=\count108

(/usr/local/texlive/2017/texmf-dist/tex/latex/latexconfig/hyperref.cfg
File: hyperref.cfg 2002/06/06 v1.2 hyperref configuration of TeXLive
)
Package hyperref Info: Option `colorlinks' set `true' on input line 4374.
Package hyperref Info: Hyper figures OFF on input line 4498.
Package hyperref Info: Link nesting OFF on input line 4503.
Package hyperref Info: Hyper index ON on input line 4506.
Package hyperref Info: Plain pages OFF on input line 4513.
Package hyperref Info: Backreferencing OFF on input line 4518.
Package hyperref Info: Implicit mode ON; LaTeX internals redefined.
Package hyperref Info: Bookmarks ON on input line 4751.
\c@Hy@tempcnt=\count109

(/usr/local/texlive/2017/texmf-dist/tex/latex/url/url.sty
\Urlmuskip=\muskip11
Package: url 2013/09/16  ver 3.4  Verb mode for urls, etc.
)
LaTeX Info: Redefining \url on input line 5104.
\XeTeXLinkMargin=\dimen116
\Fld@menulength=\count110
\Field@Width=\dimen117
\Fld@charsize=\dimen118
Package hyperref Info: Hyper figures OFF on input line 6358.
Package hyperref Info: Link nesting OFF on input line 6363.
Package hyperref Info: Hyper index ON on input line 6366.
Package hyperref Info: backreferencing OFF on input line 6373.
Package hyperref Info: Link coloring ON on input line 6376.
Package hyperref Info: Link coloring with OCG OFF on input line 6383.
Package hyperref Info: PDF/A mode OFF on input line 6388.
LaTeX Info: Redefining \ref on input line 6428.
LaTeX Info: Redefining \pageref on input line 6432.
\Hy@abspage=\count111
\c@Item=\count112
\c@Hfootnote=\count113
)

Package hyperref Message: Driver (autodetected): hpdftex.

(/usr/local/texlive/2017/texmf-dist/tex/latex/hyperref/hpdftex.def
File: hpdftex.def 2017/03/14 v6.85a Hyperref driver for pdfTeX
\Fld@listcount=\count114
\c@bookmark@seq@number=\count115

(/usr/local/texlive/2017/texmf-dist/tex/latex/oberdiek/rerunfilecheck.sty
Package: rerunfilecheck 2016/05/16 v1.8 Rerun checks for auxiliary files (HO)
Package uniquecounter Info: New unique counter `rerunfilecheck' on input line 2
82.
)
\Hy@SectionHShift=\skip53
)
(/usr/local/texlive/2017/texmf-dist/tex/latex/graphics/graphicx.sty
Package: graphicx 2014/10/28 v1.0g Enhanced LaTeX Graphics (DPC,SPQR)

(/usr/local/texlive/2017/texmf-dist/tex/latex/graphics/graphics.sty
Package: graphics 2017/04/14 v1.1b Standard LaTeX Graphics (DPC,SPQR)

(/usr/local/texlive/2017/texmf-dist/tex/latex/graphics/trig.sty
Package: trig 2016/01/03 v1.10 sin cos tan (DPC)
)
(/usr/local/texlive/2017/texmf-dist/tex/latex/graphics-cfg/graphics.cfg
File: graphics.cfg 2016/06/04 v1.11 sample graphics configuration
)
Package graphics Info: Driver file: pdftex.def on input line 99.
)
\Gin@req@height=\dimen119
\Gin@req@width=\dimen120
)
(/usr/local/texlive/2017/texmf-dist/tex/latex/oberdiek/grffile.sty
Package: grffile 2016/05/16 v1.17 Extended file name support for graphics (HO)
Package grffile Info: Option `multidot' is set to `true'.
Package grffile Info: Option `extendedchars' is set to `false'.
Package grffile Info: Option `space' is set to `true'.
Package grffile Info: \Gin@ii of package `graphicx' fixed on input line 486.
)
(/usr/local/texlive/2017/texmf-dist/tex/latex/pgf/frontendlayer/tikz.sty
(/usr/local/texlive/2017/texmf-dist/tex/latex/pgf/basiclayer/pgf.sty
(/usr/local/texlive/2017/texmf-dist/tex/latex/pgf/utilities/pgfrcs.sty
(/usr/local/texlive/2017/texmf-dist/tex/generic/pgf/utilities/pgfutil-common.te
x
\pgfutil@everybye=\toks22
\pgfutil@tempdima=\dimen121
\pgfutil@tempdimb=\dimen122

(/usr/local/texlive/2017/texmf-dist/tex/generic/pgf/utilities/pgfutil-common-li
sts.tex))
(/usr/local/texlive/2017/texmf-dist/tex/generic/pgf/utilities/pgfutil-latex.def
\pgfutil@abb=\box28
(/usr/local/texlive/2017/texmf-dist/tex/latex/ms/everyshi.sty
Package: everyshi 2001/05/15 v3.00 EveryShipout Package (MS)
))
(/usr/local/texlive/2017/texmf-dist/tex/generic/pgf/utilities/pgfrcs.code.tex
Package: pgfrcs 2015/08/07 v3.0.1a (rcs-revision 1.31)
))
Package: pgf 2015/08/07 v3.0.1a (rcs-revision 1.15)
(/usr/local/texlive/2017/texmf-dist/tex/latex/pgf/basiclayer/pgfcore.sty
(/usr/local/texlive/2017/texmf-dist/tex/latex/pgf/systemlayer/pgfsys.sty
(/usr/local/texlive/2017/texmf-dist/tex/generic/pgf/systemlayer/pgfsys.code.tex
Package: pgfsys 2014/07/09 v3.0.1a (rcs-revision 1.48)
(/usr/local/texlive/2017/texmf-dist/tex/generic/pgf/utilities/pgfkeys.code.tex
\pgfkeys@pathtoks=\toks23
\pgfkeys@temptoks=\toks24

(/usr/local/texlive/2017/texmf-dist/tex/generic/pgf/utilities/pgfkeysfiltered.c
ode.tex
\pgfkeys@tmptoks=\toks25
))
\pgf@x=\dimen123
\pgf@y=\dimen124
\pgf@xa=\dimen125
\pgf@ya=\dimen126
\pgf@xb=\dimen127
\pgf@yb=\dimen128
\pgf@xc=\dimen129
\pgf@yc=\dimen130
\w@pgf@writea=\write3
\r@pgf@reada=\read1
\c@pgf@counta=\count116
\c@pgf@countb=\count117
\c@pgf@countc=\count118
\c@pgf@countd=\count119
\t@pgf@toka=\toks26
\t@pgf@tokb=\toks27
\t@pgf@tokc=\toks28

(/usr/local/texlive/2017/texmf-dist/tex/generic/pgf/systemlayer/pgf.cfg
File: pgf.cfg 2008/05/14  (rcs-revision 1.7)
)
Driver file for pgf: pgfsys-pdftex.def

(/usr/local/texlive/2017/texmf-dist/tex/generic/pgf/systemlayer/pgfsys-pdftex.d
ef
File: pgfsys-pdftex.def 2014/10/11  (rcs-revision 1.35)

(/usr/local/texlive/2017/texmf-dist/tex/generic/pgf/systemlayer/pgfsys-common-p
df.def
File: pgfsys-common-pdf.def 2013/10/10  (rcs-revision 1.13)
)))
(/usr/local/texlive/2017/texmf-dist/tex/generic/pgf/systemlayer/pgfsyssoftpath.
code.tex
File: pgfsyssoftpath.code.tex 2013/09/09  (rcs-revision 1.9)
\pgfsyssoftpath@smallbuffer@items=\count120
\pgfsyssoftpath@bigbuffer@items=\count121
)
(/usr/local/texlive/2017/texmf-dist/tex/generic/pgf/systemlayer/pgfsysprotocol.
code.tex
File: pgfsysprotocol.code.tex 2006/10/16  (rcs-revision 1.4)
))
(/usr/local/texlive/2017/texmf-dist/tex/generic/pgf/basiclayer/pgfcore.code.tex
Package: pgfcore 2010/04/11 v3.0.1a (rcs-revision 1.7)
(/usr/local/texlive/2017/texmf-dist/tex/generic/pgf/math/pgfmath.code.tex
(/usr/local/texlive/2017/texmf-dist/tex/generic/pgf/math/pgfmathcalc.code.tex
(/usr/local/texlive/2017/texmf-dist/tex/generic/pgf/math/pgfmathutil.code.tex)
(/usr/local/texlive/2017/texmf-dist/tex/generic/pgf/math/pgfmathparser.code.tex
\pgfmath@dimen=\dimen131
\pgfmath@count=\count122
\pgfmath@box=\box29
\pgfmath@toks=\toks29
\pgfmath@stack@operand=\toks30
\pgfmath@stack@operation=\toks31
)
(/usr/local/texlive/2017/texmf-dist/tex/generic/pgf/math/pgfmathfunctions.code.
tex
(/usr/local/texlive/2017/texmf-dist/tex/generic/pgf/math/pgfmathfunctions.basic
.code.tex)
(/usr/local/texlive/2017/texmf-dist/tex/generic/pgf/math/pgfmathfunctions.trigo
nometric.code.tex)
(/usr/local/texlive/2017/texmf-dist/tex/generic/pgf/math/pgfmathfunctions.rando
m.code.tex)
(/usr/local/texlive/2017/texmf-dist/tex/generic/pgf/math/pgfmathfunctions.compa
rison.code.tex)
(/usr/local/texlive/2017/texmf-dist/tex/generic/pgf/math/pgfmathfunctions.base.
code.tex)
(/usr/local/texlive/2017/texmf-dist/tex/generic/pgf/math/pgfmathfunctions.round
.code.tex)
(/usr/local/texlive/2017/texmf-dist/tex/generic/pgf/math/pgfmathfunctions.misc.
code.tex)
(/usr/local/texlive/2017/texmf-dist/tex/generic/pgf/math/pgfmathfunctions.integ
erarithmetics.code.tex)))
(/usr/local/texlive/2017/texmf-dist/tex/generic/pgf/math/pgfmathfloat.code.tex
\c@pgfmathroundto@lastzeros=\count123
))
(/usr/local/texlive/2017/texmf-dist/tex/generic/pgf/basiclayer/pgfcorepoints.co
de.tex
File: pgfcorepoints.code.tex 2013/10/07  (rcs-revision 1.27)
\pgf@picminx=\dimen132
\pgf@picmaxx=\dimen133
\pgf@picminy=\dimen134
\pgf@picmaxy=\dimen135
\pgf@pathminx=\dimen136
\pgf@pathmaxx=\dimen137
\pgf@pathminy=\dimen138
\pgf@pathmaxy=\dimen139
\pgf@xx=\dimen140
\pgf@xy=\dimen141
\pgf@yx=\dimen142
\pgf@yy=\dimen143
\pgf@zx=\dimen144
\pgf@zy=\dimen145
)
(/usr/local/texlive/2017/texmf-dist/tex/generic/pgf/basiclayer/pgfcorepathconst
ruct.code.tex
File: pgfcorepathconstruct.code.tex 2013/10/07  (rcs-revision 1.29)
\pgf@path@lastx=\dimen146
\pgf@path@lasty=\dimen147
)
(/usr/local/texlive/2017/texmf-dist/tex/generic/pgf/basiclayer/pgfcorepathusage
.code.tex
File: pgfcorepathusage.code.tex 2014/11/02  (rcs-revision 1.24)
\pgf@shorten@end@additional=\dimen148
\pgf@shorten@start@additional=\dimen149
)
(/usr/local/texlive/2017/texmf-dist/tex/generic/pgf/basiclayer/pgfcorescopes.co
de.tex
File: pgfcorescopes.code.tex 2015/05/08  (rcs-revision 1.46)
\pgfpic=\box30
\pgf@hbox=\box31
\pgf@layerbox@main=\box32
\pgf@picture@serial@count=\count124
)
(/usr/local/texlive/2017/texmf-dist/tex/generic/pgf/basiclayer/pgfcoregraphicst
ate.code.tex
File: pgfcoregraphicstate.code.tex 2014/11/02  (rcs-revision 1.12)
\pgflinewidth=\dimen150
)
(/usr/local/texlive/2017/texmf-dist/tex/generic/pgf/basiclayer/pgfcoretransform
ations.code.tex
File: pgfcoretransformations.code.tex 2015/08/07  (rcs-revision 1.20)
\pgf@pt@x=\dimen151
\pgf@pt@y=\dimen152
\pgf@pt@temp=\dimen153
)
(/usr/local/texlive/2017/texmf-dist/tex/generic/pgf/basiclayer/pgfcorequick.cod
e.tex
File: pgfcorequick.code.tex 2008/10/09  (rcs-revision 1.3)
)
(/usr/local/texlive/2017/texmf-dist/tex/generic/pgf/basiclayer/pgfcoreobjects.c
ode.tex
File: pgfcoreobjects.code.tex 2006/10/11  (rcs-revision 1.2)
)
(/usr/local/texlive/2017/texmf-dist/tex/generic/pgf/basiclayer/pgfcorepathproce
ssing.code.tex
File: pgfcorepathprocessing.code.tex 2013/09/09  (rcs-revision 1.9)
)
(/usr/local/texlive/2017/texmf-dist/tex/generic/pgf/basiclayer/pgfcorearrows.co
de.tex
File: pgfcorearrows.code.tex 2015/05/14  (rcs-revision 1.43)
\pgfarrowsep=\dimen154
)
(/usr/local/texlive/2017/texmf-dist/tex/generic/pgf/basiclayer/pgfcoreshade.cod
e.tex
File: pgfcoreshade.code.tex 2013/07/15  (rcs-revision 1.15)
\pgf@max=\dimen155
\pgf@sys@shading@range@num=\count125
)
(/usr/local/texlive/2017/texmf-dist/tex/generic/pgf/basiclayer/pgfcoreimage.cod
e.tex
File: pgfcoreimage.code.tex 2013/07/15  (rcs-revision 1.18)

(/usr/local/texlive/2017/texmf-dist/tex/generic/pgf/basiclayer/pgfcoreexternal.
code.tex
File: pgfcoreexternal.code.tex 2014/07/09  (rcs-revision 1.21)
\pgfexternal@startupbox=\box33
))
(/usr/local/texlive/2017/texmf-dist/tex/generic/pgf/basiclayer/pgfcorelayers.co
de.tex
File: pgfcorelayers.code.tex 2013/07/18  (rcs-revision 1.7)
)
(/usr/local/texlive/2017/texmf-dist/tex/generic/pgf/basiclayer/pgfcoretranspare
ncy.code.tex
File: pgfcoretransparency.code.tex 2013/09/30  (rcs-revision 1.5)
)
(/usr/local/texlive/2017/texmf-dist/tex/generic/pgf/basiclayer/pgfcorepatterns.
code.tex
File: pgfcorepatterns.code.tex 2013/11/07  (rcs-revision 1.5)
)))
(/usr/local/texlive/2017/texmf-dist/tex/generic/pgf/modules/pgfmoduleshapes.cod
e.tex
File: pgfmoduleshapes.code.tex 2014/03/21  (rcs-revision 1.35)
\pgfnodeparttextbox=\box34
)
(/usr/local/texlive/2017/texmf-dist/tex/generic/pgf/modules/pgfmoduleplot.code.
tex
File: pgfmoduleplot.code.tex 2015/08/03  (rcs-revision 1.13)
)
(/usr/local/texlive/2017/texmf-dist/tex/latex/pgf/compatibility/pgfcomp-version
-0-65.sty
Package: pgfcomp-version-0-65 2007/07/03 v3.0.1a (rcs-revision 1.7)
\pgf@nodesepstart=\dimen156
\pgf@nodesepend=\dimen157
)
(/usr/local/texlive/2017/texmf-dist/tex/latex/pgf/compatibility/pgfcomp-version
-1-18.sty
Package: pgfcomp-version-1-18 2007/07/23 v3.0.1a (rcs-revision 1.1)
))
(/usr/local/texlive/2017/texmf-dist/tex/latex/pgf/utilities/pgffor.sty
(/usr/local/texlive/2017/texmf-dist/tex/latex/pgf/utilities/pgfkeys.sty
(/usr/local/texlive/2017/texmf-dist/tex/generic/pgf/utilities/pgfkeys.code.tex)
) (/usr/local/texlive/2017/texmf-dist/tex/latex/pgf/math/pgfmath.sty
(/usr/local/texlive/2017/texmf-dist/tex/generic/pgf/math/pgfmath.code.tex))
(/usr/local/texlive/2017/texmf-dist/tex/generic/pgf/utilities/pgffor.code.tex
Package: pgffor 2013/12/13 v3.0.1a (rcs-revision 1.25)

(/usr/local/texlive/2017/texmf-dist/tex/generic/pgf/math/pgfmath.code.tex)
\pgffor@iter=\dimen158
\pgffor@skip=\dimen159
\pgffor@stack=\toks32
\pgffor@toks=\toks33
))
(/usr/local/texlive/2017/texmf-dist/tex/generic/pgf/frontendlayer/tikz/tikz.cod
e.tex
Package: tikz 2015/08/07 v3.0.1a (rcs-revision 1.151)

(/usr/local/texlive/2017/texmf-dist/tex/generic/pgf/libraries/pgflibraryplothan
dlers.code.tex
File: pgflibraryplothandlers.code.tex 2013/08/31 v3.0.1a (rcs-revision 1.20)
\pgf@plot@mark@count=\count126
\pgfplotmarksize=\dimen160
)
\tikz@lastx=\dimen161
\tikz@lasty=\dimen162
\tikz@lastxsaved=\dimen163
\tikz@lastysaved=\dimen164
\tikzleveldistance=\dimen165
\tikzsiblingdistance=\dimen166
\tikz@figbox=\box35
\tikz@figbox@bg=\box36
\tikz@tempbox=\box37
\tikz@tempbox@bg=\box38
\tikztreelevel=\count127
\tikznumberofchildren=\count128
\tikznumberofcurrentchild=\count129
\tikz@fig@count=\count130

(/usr/local/texlive/2017/texmf-dist/tex/generic/pgf/modules/pgfmodulematrix.cod
e.tex
File: pgfmodulematrix.code.tex 2013/09/17  (rcs-revision 1.8)
\pgfmatrixcurrentrow=\count131
\pgfmatrixcurrentcolumn=\count132
\pgf@matrix@numberofcolumns=\count133
)
\tikz@expandcount=\count134

(/usr/local/texlive/2017/texmf-dist/tex/generic/pgf/frontendlayer/tikz/librarie
s/tikzlibrarytopaths.code.tex
File: tikzlibrarytopaths.code.tex 2008/06/17 v3.0.1a (rcs-revision 1.2)
)))
(/usr/local/texlive/2017/texmf-dist/tex/generic/pgf/frontendlayer/tikz/librarie
s/tikzlibrarypositioning.code.tex
File: tikzlibrarypositioning.code.tex 2008/10/06 v3.0.1a (rcs-revision 1.7)
)
(/usr/local/texlive/2017/texmf-dist/tex/generic/pgf/frontendlayer/tikz/librarie
s/tikzlibrarycalc.code.tex
File: tikzlibrarycalc.code.tex 2013/07/15 v3.0.1a (rcs-revision 1.9)
)
(/usr/local/texlive/2017/texmf-dist/tex/generic/pgf/frontendlayer/tikz/librarie
s/tikzlibraryintersections.code.tex
(/usr/local/texlive/2017/texmf-dist/tex/generic/pgf/libraries/pgflibraryinterse
ctions.code.tex
(/usr/local/texlive/2017/texmf-dist/tex/generic/pgf/libraries/pgflibraryfpu.cod
e.tex)
\pgf@intersect@solutions=\count135
))
(/usr/local/texlive/2017/texmf-dist/tex/generic/pgf/frontendlayer/tikz/librarie
s/tikzlibraryarrows.code.tex
File: tikzlibraryarrows.code.tex 2008/01/09 v3.0.1a (rcs-revision 1.1)

(/usr/local/texlive/2017/texmf-dist/tex/generic/pgf/libraries/pgflibraryarrows.
code.tex
File: pgflibraryarrows.code.tex 2013/09/23 v3.0.1a (rcs-revision 1.16)
\arrowsize=\dimen167
))
(/usr/local/texlive/2017/texmf-dist/tex/generic/pgf/frontendlayer/tikz/librarie
s/tikzlibrarydecorations.pathreplacing.code.tex
(/usr/local/texlive/2017/texmf-dist/tex/generic/pgf/frontendlayer/tikz/librarie
s/tikzlibrarydecorations.code.tex
(/usr/local/texlive/2017/texmf-dist/tex/generic/pgf/modules/pgfmoduledecoration
s.code.tex
\pgfdecoratedcompleteddistance=\dimen168
\pgfdecoratedremainingdistance=\dimen169
\pgfdecoratedinputsegmentcompleteddistance=\dimen170
\pgfdecoratedinputsegmentremainingdistance=\dimen171
\pgf@decorate@distancetomove=\dimen172
\pgf@decorate@repeatstate=\count136
\pgfdecorationsegmentamplitude=\dimen173
\pgfdecorationsegmentlength=\dimen174
)
\tikz@lib@dec@box=\box39
)
(/usr/local/texlive/2017/texmf-dist/tex/generic/pgf/libraries/decorations/pgfli
brarydecorations.pathreplacing.code.tex))
(/usr/local/texlive/2017/texmf-dist/tex/latex/pgfplots/pgfplots.sty
(/usr/local/texlive/2017/texmf-dist/tex/generic/pgfplots/pgfplots.revision.tex)
Package: pgfplots 2016/08/10 v1.14 Data Visualization (1.14)
(/usr/local/texlive/2017/texmf-dist/tex/generic/pgfplots/pgfplots.code.tex
(/usr/local/texlive/2017/texmf-dist/tex/generic/pgfplots/pgfplotscore.code.tex
\t@pgfplots@toka=\toks34
\t@pgfplots@tokb=\toks35
\t@pgfplots@tokc=\toks36
\pgfplots@tmpa=\dimen175
\c@pgfplots@coordindex=\count137
\c@pgfplots@scanlineindex=\count138

(/usr/local/texlive/2017/texmf-dist/tex/generic/pgfplots/sys/pgfplotssysgeneric
.code.tex))
(/usr/local/texlive/2017/texmf-dist/tex/generic/pgfplots/libs/pgfplotslibrary.c
ode.tex)
(/usr/local/texlive/2017/texmf-dist/tex/generic/pgfplots/oldpgfcompatib/pgfplot
soldpgfsupp_loader.code.tex
Package pgfplots: loading complementary arithmetics for your pgf version...

(/usr/local/texlive/2017/texmf-dist/tex/generic/pgfplots/oldpgfcompatib/pgfplot
soldpgfsupp_pgflibraryfpu.code.tex)
(/usr/local/texlive/2017/texmf-dist/tex/generic/pgfplots/oldpgfcompatib/pgfplot
soldpgfsupp_pgfmathfloat.code.tex
\c@pgfmathroundto@lastzeros=\count139
))
(/usr/local/texlive/2017/texmf-dist/tex/generic/pgfplots/util/pgfplotsutil.code
.tex
(/usr/local/texlive/2017/texmf-dist/tex/generic/pgfplots/liststructure/pgfplots
liststructure.code.tex)
(/usr/local/texlive/2017/texmf-dist/tex/generic/pgfplots/liststructure/pgfplots
liststructureext.code.tex)
(/usr/local/texlive/2017/texmf-dist/tex/generic/pgfplots/liststructure/pgfplots
array.code.tex
\c@pgfplotsarray@tmp=\count140
)
(/usr/local/texlive/2017/texmf-dist/tex/generic/pgfplots/liststructure/pgfplots
matrix.code.tex)
(/usr/local/texlive/2017/texmf-dist/tex/generic/pgfplots/numtable/pgfplotstable
shared.code.tex
\c@pgfplotstable@counta=\count141
\t@pgfplotstable@a=\toks37
)
(/usr/local/texlive/2017/texmf-dist/tex/generic/pgfplots/liststructure/pgfplots
deque.code.tex)
(/usr/local/texlive/2017/texmf-dist/tex/generic/pgfplots/util/pgfplotsbinary.co
de.tex
(/usr/local/texlive/2017/texmf-dist/tex/generic/pgfplots/util/pgfplotsbinary.da
ta.code.tex))
(/usr/local/texlive/2017/texmf-dist/tex/generic/pgfplots/util/pgfplotsutil.verb
.code.tex)
(/usr/local/texlive/2017/texmf-dist/tex/generic/pgfplots/libs/pgflibrarypgfplot
s.surfshading.code.tex
\c@pgfplotslibrarysurf@no=\count142

(/usr/local/texlive/2017/texmf-dist/tex/generic/pgfplots/sys/pgflibrarypgfplots
.surfshading.pgfsys-pdftex.def)))
(/usr/local/texlive/2017/texmf-dist/tex/generic/pgfplots/util/pgfplotscolormap.
code.tex
(/usr/local/texlive/2017/texmf-dist/tex/generic/pgfplots/util/pgfplotscolor.cod
e.tex))
(/usr/local/texlive/2017/texmf-dist/tex/generic/pgfplots/pgfplotsstackedplots.c
ode.tex)
(/usr/local/texlive/2017/texmf-dist/tex/generic/pgfplots/pgfplotsplothandlers.c
ode.tex
(/usr/local/texlive/2017/texmf-dist/tex/generic/pgfplots/pgfplotsmeshplothandle
r.code.tex
(/usr/local/texlive/2017/texmf-dist/tex/generic/pgfplots/pgfplotsmeshplotimage.
code.tex)))
(/usr/local/texlive/2017/texmf-dist/tex/generic/pgfplots/pgfplots.scaling.code.
tex)
(/usr/local/texlive/2017/texmf-dist/tex/generic/pgfplots/pgfplotscoordprocessin
g.code.tex)
(/usr/local/texlive/2017/texmf-dist/tex/generic/pgfplots/pgfplots.errorbars.cod
e.tex)
(/usr/local/texlive/2017/texmf-dist/tex/generic/pgfplots/pgfplots.markers.code.
tex)
(/usr/local/texlive/2017/texmf-dist/tex/generic/pgfplots/pgfplotsticks.code.tex
)
(/usr/local/texlive/2017/texmf-dist/tex/generic/pgfplots/pgfplots.paths.code.te
x)
(/usr/local/texlive/2017/texmf-dist/tex/generic/pgf/frontendlayer/tikz/librarie
s/tikzlibrarydecorations.pathmorphing.code.tex
(/usr/local/texlive/2017/texmf-dist/tex/generic/pgf/libraries/decorations/pgfli
brarydecorations.pathmorphing.code.tex))
\pgfplots@numplots=\count143
\pgfplots@xmin@reg=\dimen176
\pgfplots@xmax@reg=\dimen177
\pgfplots@ymin@reg=\dimen178
\pgfplots@ymax@reg=\dimen179
\pgfplots@zmin@reg=\dimen180
\pgfplots@zmax@reg=\dimen181
)
(/usr/local/texlive/2017/texmf-dist/tex/generic/pgf/frontendlayer/tikz/librarie
s/tikzlibraryplotmarks.code.tex
File: tikzlibraryplotmarks.code.tex 2008/01/09 v3.0.1a (rcs-revision 1.1)

(/usr/local/texlive/2017/texmf-dist/tex/generic/pgf/libraries/pgflibraryplotmar
ks.code.tex
File: pgflibraryplotmarks.code.tex 2015/08/03 v3.0.1a (rcs-revision 1.14)
)))
(/usr/local/texlive/2017/texmf-dist/tex/latex/ccaption/ccaption.sty
Package: ccaption 2011/08/07 v3.2c Extended captioning and new floats
\@contcwidth=\skip54
\@contindw=\skip55
\abovelegendskip=\skip56
\belowlegendskip=\skip57
\c@newflo@tctr=\count144
)
(/usr/local/texlive/2017/texmf-dist/tex/latex/lineno/lineno.sty
Package: lineno 2005/11/02 line numbers on paragraphs v4.41
\linenopenalty=\count145
\output=\toks38
\linenoprevgraf=\count146
\linenumbersep=\dimen182
\linenumberwidth=\dimen183
\c@linenumber=\count147
\c@pagewiselinenumber=\count148
\c@LN@truepage=\count149
\c@internallinenumber=\count150
\c@internallinenumbers=\count151
\quotelinenumbersep=\dimen184
\bframerule=\dimen185
\bframesep=\dimen186
\bframebox=\box40
LaTeX Info: Redefining \\ on input line 3056.
) (./ms.aux)
\openout1 = `ms.aux'.

LaTeX Font Info:    Checking defaults for OML/cmm/m/it on input line 41.
LaTeX Font Info:    ... okay on input line 41.
LaTeX Font Info:    Checking defaults for T1/cmr/m/n on input line 41.
LaTeX Font Info:    ... okay on input line 41.
LaTeX Font Info:    Checking defaults for OT1/cmr/m/n on input line 41.
LaTeX Font Info:    ... okay on input line 41.
LaTeX Font Info:    Checking defaults for OMS/cmsy/m/n on input line 41.
LaTeX Font Info:    ... okay on input line 41.
LaTeX Font Info:    Checking defaults for OMX/cmex/m/n on input line 41.
LaTeX Font Info:    ... okay on input line 41.
LaTeX Font Info:    Checking defaults for U/cmr/m/n on input line 41.
LaTeX Font Info:    ... okay on input line 41.
LaTeX Font Info:    Checking defaults for PD1/pdf/m/n on input line 41.
LaTeX Font Info:    ... okay on input line 41.

(/usr/local/texlive/2017/texmf-dist/tex/context/base/mkii/supp-pdf.mkii
[Loading MPS to PDF converter (version 2006.09.02).]
\scratchcounter=\count152
\scratchdimen=\dimen187
\scratchbox=\box41
\nofMPsegments=\count153
\nofMParguments=\count154
\everyMPshowfont=\toks39
\MPscratchCnt=\count155
\MPscratchDim=\dimen188
\MPnumerator=\count156
\makeMPintoPDFobject=\count157
\everyMPtoPDFconversion=\toks40
) (/usr/local/texlive/2017/texmf-dist/tex/latex/oberdiek/epstopdf-base.sty
Package: epstopdf-base 2016/05/15 v2.6 Base part for package epstopdf

(/usr/local/texlive/2017/texmf-dist/tex/latex/oberdiek/grfext.sty
Package: grfext 2016/05/16 v1.2 Manage graphics extensions (HO)
)
Package epstopdf-base Info: Redefining graphics rule for `.eps' on input line 4
38.
Package grfext Info: Graphics extension search list:
(grfext)             [.png,.pdf,.jpg,.mps,.jpeg,.jbig2,.jb2,.PNG,.PDF,.JPG,.JPE
G,.JBIG2,.JB2,.eps]
(grfext)             \AppendGraphicsExtensions on input line 456.

(/usr/local/texlive/2017/texmf-dist/tex/latex/latexconfig/epstopdf-sys.cfg
File: epstopdf-sys.cfg 2010/07/13 v1.3 Configuration of (r)epstopdf for TeX Liv
e
))
\AtBeginShipoutBox=\box42
Package hyperref Info: Link coloring ON on input line 41.

(/usr/local/texlive/2017/texmf-dist/tex/latex/hyperref/nameref.sty
Package: nameref 2016/05/21 v2.44 Cross-referencing by name of section

(/usr/local/texlive/2017/texmf-dist/tex/generic/oberdiek/gettitlestring.sty
Package: gettitlestring 2016/05/16 v1.5 Cleanup title references (HO)
)
\c@section@level=\count158
)
LaTeX Info: Redefining \ref on input line 41.
LaTeX Info: Redefining \pageref on input line 41.
LaTeX Info: Redefining \nameref on input line 41.

(./ms.out) (./ms.out)
\@outlinefile=\write4
\openout4 = `ms.out'.

 ABD: EveryShipout initializing macros
Package pgfplots notification 'compat/show suggested version=true': document ha
s been generated with the most recent feature set (\pgfplotsset{compat=1.14}).

LaTeX Font Info:    Try loading font information for U+msa on input line 50.
(/usr/local/texlive/2017/texmf-dist/tex/latex/amsfonts/umsa.fd
File: umsa.fd 2013/01/14 v3.01 AMS symbols A
)
LaTeX Font Info:    Try loading font information for U+msb on input line 50.

(/usr/local/texlive/2017/texmf-dist/tex/latex/amsfonts/umsb.fd
File: umsb.fd 2013/01/14 v3.01 AMS symbols B
) [1

{/usr/local/texlive/2017/texmf-var/fonts/map/pdftex/updmap/pdftex.map}] [2] [3]


LaTeX Warning: Text page 4 contains only floats.

[4] [5pdfTeX warning (ext4): destination with the same identifier (name{figure.
1}) has been already used, duplicate ignored

\AtBegShi@Output ...ipout \box \AtBeginShipoutBox 
                                                  \fi \fi 
l.522 
      ] [6] [7]
<plots/sim_sigmax_5numiter_100tCutoff.pdf, id=179, 361.35pt x 361.35pt>
File: plots/sim_sigmax_5numiter_100tCutoff.pdf Graphic file (type pdf)

<use plots/sim_sigmax_5numiter_100tCutoff.pdf>
Package pdftex.def Info: plots/sim_sigmax_5numiter_100tCutoff.pdf used on input
 line 582.
(pdftex.def)             Requested size: 124.80373pt x 124.80286pt.

<plots/sim_2epoch_mcles_tsplits[0.25, 0.5].pdf, id=181, 361.35pt x 361.35pt>
File: plots/sim_2epoch_mcles_tsplits[0.25, 0.5].pdf Graphic file (type pdf)

<use plots/sim_2epoch_mcles_tsplits[0.25, 0.5].pdf>
Package pdftex.def Info: plots/sim_2epoch_mcles_tsplits[0.25, 0.5].pdf used on 
input line 590.
(pdftex.def)             Requested size: 124.80373pt x 124.80286pt.

<plots/sim_2epoch_mcles_tsplits[0.5, 0.25].pdf, id=183, 361.35pt x 361.35pt>
File: plots/sim_2epoch_mcles_tsplits[0.5, 0.25].pdf Graphic file (type pdf)

<use plots/sim_2epoch_mcles_tsplits[0.5, 0.25].pdf>
Package pdftex.def Info: plots/sim_2epoch_mcles_tsplits[0.5, 0.25].pdf used on 
input line 598.
(pdftex.def)             Requested size: 124.80373pt x 124.80286pt.

<plots/rmse_5numiter.pdf, id=185, 433.62pt x 289.08pt>
File: plots/rmse_5numiter.pdf Graphic file (type pdf)

<use plots/rmse_5numiter.pdf>
Package pdftex.def Info: plots/rmse_5numiter.pdf used on input line 606.
(pdftex.def)             Requested size: 139.04742pt x 97.5pt.

<plots/CIs-coalesce-true_trees_time200.pdf, id=187, 433.62pt x 289.08pt>
File: plots/CIs-coalesce-true_trees_time200.pdf Graphic file (type pdf)

<use plots/CIs-coalesce-true_trees_time200.pdf>
Package pdftex.def Info: plots/CIs-coalesce-true_trees_time200.pdf used on inpu
t line 614.
(pdftex.def)             Requested size: 122.25426pt x 97.5pt.

<plots/CIs-coalesce-true_trees_time300.pdf, id=189, 433.62pt x 289.08pt>
File: plots/CIs-coalesce-true_trees_time300.pdf Graphic file (type pdf)

<use plots/CIs-coalesce-true_trees_time300.pdf>
Package pdftex.def Info: plots/CIs-coalesce-true_trees_time300.pdf used on inpu
t line 617.
(pdftex.def)             Requested size: 112.65816pt x 97.5pt.

<plots/CIs-coalesce-true_trees_time400.pdf, id=191, 433.62pt x 289.08pt>
File: plots/CIs-coalesce-true_trees_time400.pdf Graphic file (type pdf)

<use plots/CIs-coalesce-true_trees_time400.pdf>
Package pdftex.def Info: plots/CIs-coalesce-true_trees_time400.pdf used on inpu
t line 620.
(pdftex.def)             Requested size: 112.65816pt x 97.5pt.

<plots/rmse_mean_5numiter.pdf, id=193, 433.62pt x 289.08pt>
File: plots/rmse_mean_5numiter.pdf Graphic file (type pdf)

<use plots/rmse_mean_5numiter.pdf>
Package pdftex.def Info: plots/rmse_mean_5numiter.pdf used on input line 628.
(pdftex.def)             Requested size: 139.04742pt x 97.5pt.

<plots/BLUPs-coalesce-true_trees_time200.pdf, id=195, 433.62pt x 289.08pt>
File: plots/BLUPs-coalesce-true_trees_time200.pdf Graphic file (type pdf)

<use plots/BLUPs-coalesce-true_trees_time200.pdf>
Package pdftex.def Info: plots/BLUPs-coalesce-true_trees_time200.pdf used on in
put line 636.
(pdftex.def)             Requested size: 122.25426pt x 97.5pt.

<plots/BLUPs-coalesce-true_trees_time300.pdf, id=197, 433.62pt x 289.08pt>
File: plots/BLUPs-coalesce-true_trees_time300.pdf Graphic file (type pdf)

<use plots/BLUPs-coalesce-true_trees_time300.pdf>
Package pdftex.def Info: plots/BLUPs-coalesce-true_trees_time300.pdf used on in
put line 639.
(pdftex.def)             Requested size: 112.65816pt x 97.5pt.

<plots/BLUPs-coalesce-true_trees_time400.pdf, id=199, 433.62pt x 289.08pt>
File: plots/BLUPs-coalesce-true_trees_time400.pdf Graphic file (type pdf)

<use plots/BLUPs-coalesce-true_trees_time400.pdf>
Package pdftex.def Info: plots/BLUPs-coalesce-true_trees_time400.pdf used on in
put line 642.
(pdftex.def)             Requested size: 112.65816pt x 97.5pt.

Overfull \hbox (29.56291pt too wide) in paragraph at lines 648--649
 [] 
 []

[8] [9 <./plots/sim_sigmax_5numiter_100tCutoff.pdf> <./plots/sim_2epoch_mcles_t
splits[0.25, 0.5].pdf> <./plots/sim_2epoch_mcles_tsplits[0.5, 0.25].pdf> <./plo
ts/rmse_5numiter.pdf> <./plots/CIs-coalesce-true_trees_time200.pdf> <./plots/CI
s-coalesce-true_trees_time300.pdf> <./plots/CIs-coalesce-true_trees_time400.pdf
> <./plots/rmse_mean_5numiter.pdf> <./plots/BLUPs-coalesce-true_trees_time200.p
df> <./plots/BLUPs-coalesce-true_trees_time300.pdf> <./plots/BLUPs-coalesce-tru
e_trees_time400.pdf>] [10pdfTeX warning (ext4): destination with the same ident
ifier (name{figure.2}) has been already used, duplicate ignored

\AtBegShi@Output ...ipout \box \AtBeginShipoutBox 
                                                  \fi \fi 
l.707 
      ] [11] [12] [13]
<plots/1001G_tCutoff10000_tsplits[]_groupEurasia-no-Japan_mle-dispersal.pdf, id
=684, 1059.32323pt x 338.55547pt>
File: plots/1001G_tCutoff10000_tsplits[]_groupEurasia-no-Japan_mle-dispersal.pd
f Graphic file (type pdf)

<use plots/1001G_tCutoff10000_tsplits[]_groupEurasia-no-Japan_mle-dispersal.pdf
>
Package pdftex.def Info: plots/1001G_tCutoff10000_tsplits[]_groupEurasia-no-Jap
an_mle-dispersal.pdf used on input line 781.
(pdftex.def)             Requested size: 390.0pt x 124.63847pt.

<plots/1001G_tCutoff10000_groupEurasia-no-Japan_mcle-dispersal.pdf, id=685, 891
.59662pt x 307.0625pt>
File: plots/1001G_tCutoff10000_groupEurasia-no-Japan_mcle-dispersal.pdf Graphic
 file (type pdf)

<use plots/1001G_tCutoff10000_groupEurasia-no-Japan_mcle-dispersal.pdf>
Package pdftex.def Info: plots/1001G_tCutoff10000_groupEurasia-no-Japan_mcle-di
spersal.pdf used on input line 788.
(pdftex.def)             Requested size: 390.0pt x 134.31139pt.

Overfull \hbox (7.8324pt too wide) in paragraph at lines 794--795
 [] 
 []

[14] [15 <./plots/1001G_tCutoff10000_tsplits[]_groupEurasia-no-Japan_mle-disper
sal.pdf> <./plots/1001G_tCutoff10000_groupEurasia-no-Japan_mcle-dispersal.pdf

pdfTeX warning: /Library/TeX/texbin/pdflatex (file ./plots/1001G_tCutoff10000_g
roupEurasia-no-Japan_mcle-dispersal.pdf): PDF inclusion: multiple pdfs with pag
e group included in a single page
>] [16]
<plots/1001G_mean_displacements_time10_highlights.pdf, id=809, 701.01903pt x 34
4.19423pt>
File: plots/1001G_mean_displacements_time10_highlights.pdf Graphic file (type p
df)
 <use plots/1001G_mean_displacements_time10_highlights.pdf>
Package pdftex.def Info: plots/1001G_mean_displacements_time10_highlights.pdf u
sed on input line 852.
(pdftex.def)             Requested size: 390.0pt x 191.48697pt.

<plots/1001G_mean_displacements_time100_highlights.pdf, id=810, 701.01903pt x 3
44.19423pt>
File: plots/1001G_mean_displacements_time100_highlights.pdf Graphic file (type 
pdf)
 <use plots/1001G_mean_displacements_time100_highlights.pdf>
Package pdftex.def Info: plots/1001G_mean_displacements_time100_highlights.pdf 
used on input line 859.
(pdftex.def)             Requested size: 390.0pt x 191.48697pt.

Overfull \hbox (7.8324pt too wide) in paragraph at lines 865--866
 [] 
 []

[17]

LaTeX Warning: Text page 18 contains only floats.

[18 <./plots/1001G_mean_displacements_time10_highlights.pdf> <./plots/1001G_mea
n_displacements_time100_highlights.pdf

pdfTeX warning: /Library/TeX/texbin/pdflatex (file ./plots/1001G_mean_displacem
ents_time100_highlights.pdf): PDF inclusion: multiple pdfs with page group incl
uded in a single page
>]
<plots/1001G_ancestor-location-density-map_node431_time1_tsplits[10,100,1000].p
ng, id=907, 577.357pt x 132.495pt>
File: plots/1001G_ancestor-location-density-map_node431_time1_tsplits[10,100,10
00].png Graphic file (type png)

<use plots/1001G_ancestor-location-density-map_node431_time1_tsplits[10,100,100
0].png>
Package pdftex.def Info: plots/1001G_ancestor-location-density-map_node431_time
1_tsplits[10,100,1000].png used on input line 908.
(pdftex.def)             Requested size: 390.0pt x 89.501pt.

<plots/1001G_ancestor-location-density-map_node431_time10_tsplits[10,100,1000].
png, id=909, 577.357pt x 132.495pt>
File: plots/1001G_ancestor-location-density-map_node431_time10_tsplits[10,100,1
000].png Graphic file (type png)

<use plots/1001G_ancestor-location-density-map_node431_time10_tsplits[10,100,10
00].png>
Package pdftex.def Info: plots/1001G_ancestor-location-density-map_node431_time
10_tsplits[10,100,1000].png used on input line 911.
(pdftex.def)             Requested size: 390.0pt x 89.501pt.

<plots/1001G_ancestor-location-density-map_node431_time100_tsplits[10,100,1000]
.png, id=910, 577.357pt x 132.495pt>
File: plots/1001G_ancestor-location-density-map_node431_time100_tsplits[10,100,
1000].png Graphic file (type png)

<use plots/1001G_ancestor-location-density-map_node431_time100_tsplits[10,100,1
000].png>
Package pdftex.def Info: plots/1001G_ancestor-location-density-map_node431_time
100_tsplits[10,100,1000].png used on input line 914.
(pdftex.def)             Requested size: 390.0pt x 89.501pt.

<plots/1001G_misplaced-ancestor-location-density-map_node697_time1_tsplits[10,1
00,1000].png, id=911, 577.357pt x 353.32pt>
File: plots/1001G_misplaced-ancestor-location-density-map_node697_time1_tsplits
[10,100,1000].png Graphic file (type png)

<use plots/1001G_misplaced-ancestor-location-density-map_node697_time1_tsplits[
10,100,1000].png>
Package pdftex.def Info: plots/1001G_misplaced-ancestor-location-density-map_no
de697_time1_tsplits[10,100,1000].png used on input line 923.
(pdftex.def)             Requested size: 195.0pt x 119.3347pt.

<plots/1001G_misplaced-ancestor-location-density-map_node697_time10_tsplits[10,
100,1000].png, id=912, 577.357pt x 353.32pt>
File: plots/1001G_misplaced-ancestor-location-density-map_node697_time10_tsplit
s[10,100,1000].png Graphic file (type png)

<use plots/1001G_misplaced-ancestor-location-density-map_node697_time10_tsplits
[10,100,1000].png>
Package pdftex.def Info: plots/1001G_misplaced-ancestor-location-density-map_no
de697_time10_tsplits[10,100,1000].png used on input line 926.
(pdftex.def)             Requested size: 195.0pt x 119.3347pt.

Overfull \hbox (26.36983pt too wide) in paragraph at lines 932--933
 [] 
 []

[19] [20 <./plots/1001G_ancestor-location-density-map_node431_time1_tsplits[10,
100,1000].png> <./plots/1001G_ancestor-location-density-map_node431_time10_tspl
its[10,100,1000].png> <./plots/1001G_ancestor-location-density-map_node431_time
100_tsplits[10,100,1000].png> <./plots/1001G_misplaced-ancestor-location-densit
y-map_node697_time1_tsplits[10,100,1000].png> <./plots/1001G_misplaced-ancestor
-location-density-map_node697_time10_tsplits[10,100,1000].png>]
<plots/1001G_NA-locations_tsplits[10,100,1000].png, id=948, 697.4055pt x 783.32
65pt>
File: plots/1001G_NA-locations_tsplits[10,100,1000].png Graphic file (type png)

 <use plots/1001G_NA-locations_tsplits[10,100,1000].png>
Package pdftex.def Info: plots/1001G_NA-locations_tsplits[10,100,1000].png used
 on input line 982.
(pdftex.def)             Requested size: 390.0pt x 438.06223pt.

Overfull \hbox (7.8324pt too wide) in paragraph at lines 985--986
 [] 
 []

[21pdfTeX warning (ext4): destination with the same identifier (name{figure.5})
 has been already used, duplicate ignored

\AtBegShi@Output ...ipout \box \AtBeginShipoutBox 
                                                  \fi \fi 
l.1006 
       ] [22 <./plots/1001G_NA-locations_tsplits[10,100,1000].png>]
<plots/1001G_ancestor-location-density-map_node338_time10_tsplits[10,100,1000].
png, id=977, 577.357pt x 353.32pt>
File: plots/1001G_ancestor-location-density-map_node338_time10_tsplits[10,100,1
000].png Graphic file (type png)

<use plots/1001G_ancestor-location-density-map_node338_time10_tsplits[10,100,10
00].png>
Package pdftex.def Info: plots/1001G_ancestor-location-density-map_node338_time
10_tsplits[10,100,1000].png used on input line 1024.
(pdftex.def)             Requested size: 128.70071pt x 78.76036pt.

<plots/1001G_ancestor-location-density-map_node694_time10_tsplits[10,100,1000].
png, id=978, 577.357pt x 353.32pt>
File: plots/1001G_ancestor-location-density-map_node694_time10_tsplits[10,100,1
000].png Graphic file (type png)

<use plots/1001G_ancestor-location-density-map_node694_time10_tsplits[10,100,10
00].png>
Package pdftex.def Info: plots/1001G_ancestor-location-density-map_node694_time
10_tsplits[10,100,1000].png used on input line 1025.
(pdftex.def)             Requested size: 128.70071pt x 78.76036pt.

<plots/1001G_ancestor-location-density-map_node697_time10_tsplits[10,100,1000].
png, id=979, 577.357pt x 353.32pt>
File: plots/1001G_ancestor-location-density-map_node697_time10_tsplits[10,100,1
000].png Graphic file (type png)

<use plots/1001G_ancestor-location-density-map_node697_time10_tsplits[10,100,10
00].png>
Package pdftex.def Info: plots/1001G_ancestor-location-density-map_node697_time
10_tsplits[10,100,1000].png used on input line 1026.
(pdftex.def)             Requested size: 128.70071pt x 78.76036pt.

<plots/1001G_ancestor-location-density-map_node338_time100_tsplits[10,100,1000]
.png, id=980, 577.357pt x 353.32pt>
File: plots/1001G_ancestor-location-density-map_node338_time100_tsplits[10,100,
1000].png Graphic file (type png)

<use plots/1001G_ancestor-location-density-map_node338_time100_tsplits[10,100,1
000].png>
Package pdftex.def Info: plots/1001G_ancestor-location-density-map_node338_time
100_tsplits[10,100,1000].png used on input line 1029.
(pdftex.def)             Requested size: 128.70071pt x 78.76036pt.

<plots/1001G_ancestor-location-density-map_node694_time100_tsplits[10,100,1000]
.png, id=981, 577.357pt x 353.32pt>
File: plots/1001G_ancestor-location-density-map_node694_time100_tsplits[10,100,
1000].png Graphic file (type png)

<use plots/1001G_ancestor-location-density-map_node694_time100_tsplits[10,100,1
000].png>
Package pdftex.def Info: plots/1001G_ancestor-location-density-map_node694_time
100_tsplits[10,100,1000].png used on input line 1030.
(pdftex.def)             Requested size: 128.70071pt x 78.76036pt.

<plots/1001G_ancestor-location-density-map_node697_time100_tsplits[10,100,1000]
.png, id=982, 577.357pt x 353.32pt>
File: plots/1001G_ancestor-location-density-map_node697_time100_tsplits[10,100,
1000].png Graphic file (type png)

<use plots/1001G_ancestor-location-density-map_node697_time100_tsplits[10,100,1
000].png>
Package pdftex.def Info: plots/1001G_ancestor-location-density-map_node697_time
100_tsplits[10,100,1000].png used on input line 1031.
(pdftex.def)             Requested size: 128.70071pt x 78.76036pt.

<plots/1001G_ancestor-location-density-map_node338_time215_tsplits[10,100,1000]
.png, id=983, 577.357pt x 353.32pt>
File: plots/1001G_ancestor-location-density-map_node338_time215_tsplits[10,100,
1000].png Graphic file (type png)

<use plots/1001G_ancestor-location-density-map_node338_time215_tsplits[10,100,1
000].png>
Package pdftex.def Info: plots/1001G_ancestor-location-density-map_node338_time
215_tsplits[10,100,1000].png used on input line 1034.
(pdftex.def)             Requested size: 128.70071pt x 78.76036pt.

<plots/1001G_ancestor-location-density-map_node694_time215_tsplits[10,100,1000]
.png, id=984, 577.357pt x 353.32pt>
File: plots/1001G_ancestor-location-density-map_node694_time215_tsplits[10,100,
1000].png Graphic file (type png)

<use plots/1001G_ancestor-location-density-map_node694_time215_tsplits[10,100,1
000].png>
Package pdftex.def Info: plots/1001G_ancestor-location-density-map_node694_time
215_tsplits[10,100,1000].png used on input line 1035.
(pdftex.def)             Requested size: 128.70071pt x 78.76036pt.

<plots/1001G_ancestor-location-density-map_node697_time215_tsplits[10,100,1000]
.png, id=985, 577.357pt x 353.32pt>
File: plots/1001G_ancestor-location-density-map_node697_time215_tsplits[10,100,
1000].png Graphic file (type png)

<use plots/1001G_ancestor-location-density-map_node697_time215_tsplits[10,100,1
000].png>
Package pdftex.def Info: plots/1001G_ancestor-location-density-map_node697_time
215_tsplits[10,100,1000].png used on input line 1036.
(pdftex.def)             Requested size: 128.70071pt x 78.76036pt.

<plots/1001G_ancestor-location-density-map_node338_time464_tsplits[10,100,1000]
.png, id=986, 577.357pt x 353.32pt>
File: plots/1001G_ancestor-location-density-map_node338_time464_tsplits[10,100,
1000].png Graphic file (type png)

<use plots/1001G_ancestor-location-density-map_node338_time464_tsplits[10,100,1
000].png>
Package pdftex.def Info: plots/1001G_ancestor-location-density-map_node338_time
464_tsplits[10,100,1000].png used on input line 1039.
(pdftex.def)             Requested size: 128.70071pt x 78.76036pt.

<plots/1001G_ancestor-location-density-map_node694_time464_tsplits[10,100,1000]
.png, id=987, 577.357pt x 353.32pt>
File: plots/1001G_ancestor-location-density-map_node694_time464_tsplits[10,100,
1000].png Graphic file (type png)

<use plots/1001G_ancestor-location-density-map_node694_time464_tsplits[10,100,1
000].png>
Package pdftex.def Info: plots/1001G_ancestor-location-density-map_node694_time
464_tsplits[10,100,1000].png used on input line 1040.
(pdftex.def)             Requested size: 128.70071pt x 78.76036pt.

<plots/1001G_ancestor-location-density-map_node697_time464_tsplits[10,100,1000]
.png, id=988, 577.357pt x 353.32pt>
File: plots/1001G_ancestor-location-density-map_node697_time464_tsplits[10,100,
1000].png Graphic file (type png)

<use plots/1001G_ancestor-location-density-map_node697_time464_tsplits[10,100,1
000].png>
Package pdftex.def Info: plots/1001G_ancestor-location-density-map_node697_time
464_tsplits[10,100,1000].png used on input line 1041.
(pdftex.def)             Requested size: 128.70071pt x 78.76036pt.

Overfull \hbox (20.4769pt too wide) in paragraph at lines 1055--1056
 [] 
 []

<plots/1001G_spanish-moves_time10.pdf, id=992, 516.40866pt x 534.91531pt>
File: plots/1001G_spanish-moves_time10.pdf Graphic file (type pdf)

<use plots/1001G_spanish-moves_time10.pdf>
Package pdftex.def Info: plots/1001G_spanish-moves_time10.pdf used on input lin
e 1085.
(pdftex.def)             Requested size: 195.0pt x 201.98846pt.

<plots/1001G_spanish-moves_time100.pdf, id=993, 532.37457pt x 534.91531pt>
File: plots/1001G_spanish-moves_time100.pdf Graphic file (type pdf)

<use plots/1001G_spanish-moves_time100.pdf>
Package pdftex.def Info: plots/1001G_spanish-moves_time100.pdf used on input li
ne 1093.
(pdftex.def)             Requested size: 195.0pt x 195.93216pt.

Overfull \hbox (16.06479pt too wide) in paragraph at lines 1100--1101
 [] 
 []

[23pdfTeX warning (ext4): destination with the same identifier (name{figure.6})
 has been already used, duplicate ignored

\AtBegShi@Output ...ipout \box \AtBeginShipoutBox 
                                                  \fi \fi 
l.1120 
       ] [24 <./plots/1001G_ancestor-location-density-map_node338_time10_tsplit
s[10,100,1000].png> <./plots/1001G_ancestor-location-density-map_node694_time10
_tsplits[10,100,1000].png> <./plots/1001G_ancestor-location-density-map_node697
_time10_tsplits[10,100,1000].png> <./plots/1001G_ancestor-location-density-map_
node338_time100_tsplits[10,100,1000].png> <./plots/1001G_ancestor-location-dens
ity-map_node694_time100_tsplits[10,100,1000].png> <./plots/1001G_ancestor-locat
ion-density-map_node697_time100_tsplits[10,100,1000].png> <./plots/1001G_ancest
or-location-density-map_node338_time215_tsplits[10,100,1000].png> <./plots/1001
G_ancestor-location-density-map_node694_time215_tsplits[10,100,1000].png> <./pl
ots/1001G_ancestor-location-density-map_node697_time215_tsplits[10,100,1000].pn
g> <./plots/1001G_ancestor-location-density-map_node338_time464_tsplits[10,100,
1000].png> <./plots/1001G_ancestor-location-density-map_node694_time464_tsplits
[10,100,1000].png> <./plots/1001G_ancestor-location-density-map_node697_time464
_tsplits[10,100,1000].png>] [25 <./plots/1001G_spanish-moves_time10.pdf> <./plo
ts/1001G_spanish-moves_time100.pdf

pdfTeX warning: /Library/TeX/texbin/pdflatex (file ./plots/1001G_spanish-moves_
time100.pdf): PDF inclusion: multiple pdfs with page group included in a single
 page
>]
<plots/1001G_windrose_admixed_weighted.pdf, id=1110, 1080.0187pt x 414.24077pt>
File: plots/1001G_windrose_admixed_weighted.pdf Graphic file (type pdf)
<use plots/1001G_windrose_admixed_weighted.pdf>
Package pdftex.def Info: plots/1001G_windrose_admixed_weighted.pdf used on inpu
t line 1144.
(pdftex.def)             Requested size: 390.0pt x 149.58165pt.

<plots/1001G_genome-displacements_tsplits[10,100,1000]_node1044_time10.pdf, id=
1111, 701.01903pt x 86.74231pt>
File: plots/1001G_genome-displacements_tsplits[10,100,1000]_node1044_time10.pdf
 Graphic file (type pdf)

<use plots/1001G_genome-displacements_tsplits[10,100,1000]_node1044_time10.pdf>
Package pdftex.def Info: plots/1001G_genome-displacements_tsplits[10,100,1000]_
node1044_time10.pdf used on input line 1152.
(pdftex.def)             Requested size: 390.0pt x 48.25769pt.

<plots/1001G_genome-displacements_tsplits[10,100,1000]_node881_time10.pdf, id=1
112, 701.01903pt x 119.12462pt>
File: plots/1001G_genome-displacements_tsplits[10,100,1000]_node881_time10.pdf 
Graphic file (type pdf)

<use plots/1001G_genome-displacements_tsplits[10,100,1000]_node881_time10.pdf>
Package pdftex.def Info: plots/1001G_genome-displacements_tsplits[10,100,1000]_
node881_time10.pdf used on input line 1158.
(pdftex.def)             Requested size: 390.0pt x 66.27307pt.

Overfull \hbox (7.8324pt too wide) in paragraph at lines 1168--1169
 [] 
 []

[26]
Overfull \vbox (35.54292pt too high) has occurred while \output is active []


[27 <./plots/1001G_windrose_admixed_weighted.pdf> <./plots/1001G_genome-displac
ements_tsplits[10,100,1000]_node1044_time10.pdf

pdfTeX warning: /Library/TeX/texbin/pdflatex (file ./plots/1001G_genome-displac
ements_tsplits[10,100,1000]_node1044_time10.pdf): PDF inclusion: multiple pdfs 
with page group included in a single page
> <./plots/1001G_genome-displacements_tsplits[10,100,1000]_node881_time10.pdf

pdfTeX warning: /Library/TeX/texbin/pdflatex (file ./plots/1001G_genome-displac
ements_tsplits[10,100,1000]_node881_time10.pdf): PDF inclusion: multiple pdfs w
ith page group included in a single page
>] [28] [29] [30] [31] [32] [33]
Overfull \hbox (4.76262pt too wide) in paragraph at lines 1373--1376
\OT1/cmr/m/n/12 where $\U/msb/m/n/12 P\OT1/cmr/m/n/12 (\OMS/cmsy/m/n/12 G\OML/c
mm/m/it/12 ; \OMS/cmsy/m/n/12 Tj\OT1/cmr/bx/n/12 H\OML/cmm/m/it/12 ; []\OT1/cmr
/m/n/12 )$ is the dis-tri-bu-tion of topolo-gies and branch lengths
 []

[34] [35] [36] [37] [38] [39]
Overfull \hbox (4.80122pt too wide) in paragraph at lines 1549--1549
[][]\OT1/cmr/bx/n/14.4 Maximum like-li-hood es-ti-mates of the dis-per-sal rate
 given
 []

[40] [41] [42] [43]
Overfull \hbox (37.48814pt too wide) in paragraph at lines 1669--1671
\OT1/cmtt/m/n/12 pyslim \OT1/cmr/m/n/12 spa-tial vi-gnette ([][]$\OT1/cmtt/m/n/
12 https : / / pyslim . readthedocs . io / en / latest / vignette _
 []

[44]
Overfull \hbox (19.55748pt too wide) in paragraph at lines 1702--1705
\OT1/cmr/m/n/12 nal pop-u-la-tion. When sim-pli-fy-ing the tree se-quence we us
e the \OT1/cmtt/m/n/12 keep[]unary$\OT1/cmr/m/n/12 =$\OT1/cmtt/m/n/12 True
 []

[45] [46]
Overfull \hbox (14.3284pt too wide) in paragraph at lines 1734--1745
\OT1/cmr/m/n/12 als from [][]$\OT1/cmtt/m/n/12 https : / / 1001genomes . org / 
data / GMI-[]MPI / releases / v3 . 1/$[][] \OT1/cmr/m/n/12 ([][]Alonso-
 []


Overfull \hbox (4.98425pt too wide) in paragraph at lines 1734--1745
\OT1/cmtt/m/n/12 org / data / GMI-[]MPI / releases / v3 . 1 / SNP _ matrix _ im
puted _ hdf5$[][]\OT1/cmr/m/n/12 ) into a hap-
 []

[47]
Overfull \hbox (31.63742pt too wide) in paragraph at lines 1755--1757
\OT1/cmr/m/n/12 from [][]$\OT1/cmtt/m/n/12 https : / / raw . githubusercontent 
. com / hagax8 / arabidopsis _ viz / master /
 []


Overfull \hbox (21.45525pt too wide) in paragraph at lines 1755--1757
\OT1/cmtt/m/n/12 data / dataframe _ 1001G . csv$[][] \OT1/cmr/m/n/12 (see also 
[][]$\OT1/cmtt/m/n/12 https : / / 1001genomes . org / accessions .
 []


Overfull \hbox (46.98593pt too wide) in paragraph at lines 1755--1757
\OT1/cmr/m/n/12 ([][]Alonso-Blanco et al.[][], [][]2016[][]) (see [][]$\OT1/cmt
t/m/n/12 https : / / 1001genomes . github . io / admixture-[]map/$[][]
 []


Overfull \hbox (12.17155pt too wide) in paragraph at lines 1763--1764
\OT1/cmr/m/n/12 grees to kilo-me-tres by mul-ti-ply-ing the lat-i-tu-di-nal es-
ti-mates by $[](\OML/cmm/m/it/12 x^^Y=\OT1/cmr/m/n/12 180)\OML/cmm/m/it/12 =\OT
1/cmr/m/n/12 111$,
 []

[48] (./ms.bbl [49] [50]
Underfull \hbox (badness 10000) in paragraph at lines 84--89
[]\OT1/cmr/m/n/12 Coop, G. (2013).  How many ge-netic an-ces-tors
 []


Underfull \hbox (badness 10000) in paragraph at lines 84--89
\OT1/cmr/m/n/12 do I have?  [][]$\OT1/cmtt/m/n/12 https : / / gcbias . org / 20
13 / 11 / 11 /
 []


Overfull \hbox (12.86392pt too wide) in paragraph at lines 84--89
\OT1/cmtt/m/n/12 how-[]does-[]your-[]number-[]of-[]genetic-[]ancestors-[]grow-[
]back-[]over-[]time/$[][]\OT1/cmr/m/n/12 .
 []

[51]
Underfull \hbox (badness 10000) in paragraph at lines 197--200
[]\OT1/cmr/m/n/12 Harmon, L. J. (2019).  \OT1/cmr/m/it/12 Phy-lo-ge-netic com-p
ar-a-tive meth-ods\OT1/cmr/m/n/12 .
 []

[52]
Missing character: There is no  in font cmr12!
Missing character: There is no  in font cmr12!
 [53]
Missing character: There is no  in font cmr12!
Missing character: There is no  in font cmr12!
Missing character: There is no  in font cmr12!
 [54] [55] [56]
Missing character: There is no  in font cmr12!
Missing character: There is no  in font cmr12!
Missing character: There is no  in font cmr12!
 [57]) [58] [59]
File: plots/sim_sigmax_5numiter_100tCutoff.pdf Graphic file (type pdf)

<use plots/sim_sigmax_5numiter_100tCutoff.pdf>
Package pdftex.def Info: plots/sim_sigmax_5numiter_100tCutoff.pdf used on input
 line 1847.
(pdftex.def)             Requested size: 124.80373pt x 124.80286pt.

<plots/sim_sigmay_5numiter_100tCutoff.pdf, id=1651, 361.35pt x 361.35pt>
File: plots/sim_sigmay_5numiter_100tCutoff.pdf Graphic file (type pdf)

<use plots/sim_sigmay_5numiter_100tCutoff.pdf>
Package pdftex.def Info: plots/sim_sigmay_5numiter_100tCutoff.pdf used on input
 line 1855.
(pdftex.def)             Requested size: 124.80373pt x 124.80286pt.

<plots/sim_rho_5numiter_100tCutoff.pdf, id=1653, 361.35pt x 361.35pt>
File: plots/sim_rho_5numiter_100tCutoff.pdf Graphic file (type pdf)

<use plots/sim_rho_5numiter_100tCutoff.pdf>
Package pdftex.def Info: plots/sim_rho_5numiter_100tCutoff.pdf used on input li
ne 1858.
(pdftex.def)             Requested size: 124.80373pt x 124.80286pt.

<plots/sim_sigmax_5numiter_1000tCutoff.pdf, id=1655, 361.35pt x 361.35pt>
File: plots/sim_sigmax_5numiter_1000tCutoff.pdf Graphic file (type pdf)

<use plots/sim_sigmax_5numiter_1000tCutoff.pdf>
Package pdftex.def Info: plots/sim_sigmax_5numiter_1000tCutoff.pdf used on inpu
t line 1863.
(pdftex.def)             Requested size: 124.80373pt x 124.80286pt.

<plots/sim_sigmay_5numiter_1000tCutoff.pdf, id=1657, 361.35pt x 361.35pt>
File: plots/sim_sigmay_5numiter_1000tCutoff.pdf Graphic file (type pdf)

<use plots/sim_sigmay_5numiter_1000tCutoff.pdf>
Package pdftex.def Info: plots/sim_sigmay_5numiter_1000tCutoff.pdf used on inpu
t line 1871.
(pdftex.def)             Requested size: 124.80373pt x 124.80286pt.

<plots/sim_rho_5numiter_1000tCutoff.pdf, id=1659, 361.35pt x 361.35pt>
File: plots/sim_rho_5numiter_1000tCutoff.pdf Graphic file (type pdf)

<use plots/sim_rho_5numiter_1000tCutoff.pdf>
Package pdftex.def Info: plots/sim_rho_5numiter_1000tCutoff.pdf used on input l
ine 1874.
(pdftex.def)             Requested size: 124.80373pt x 124.80286pt.

<plots/sim_sigmax_5numiter.pdf, id=1661, 361.35pt x 361.35pt>
File: plots/sim_sigmax_5numiter.pdf Graphic file (type pdf)

<use plots/sim_sigmax_5numiter.pdf>
Package pdftex.def Info: plots/sim_sigmax_5numiter.pdf used on input line 1879.

(pdftex.def)             Requested size: 124.80373pt x 124.80286pt.

<plots/sim_sigmay_5numiter.pdf, id=1663, 361.35pt x 361.35pt>
File: plots/sim_sigmay_5numiter.pdf Graphic file (type pdf)

<use plots/sim_sigmay_5numiter.pdf>
Package pdftex.def Info: plots/sim_sigmay_5numiter.pdf used on input line 1887.

(pdftex.def)             Requested size: 124.80373pt x 124.80286pt.

<plots/sim_rho_5numiter.pdf, id=1665, 361.35pt x 361.35pt>
File: plots/sim_rho_5numiter.pdf Graphic file (type pdf)

<use plots/sim_rho_5numiter.pdf>
Package pdftex.def Info: plots/sim_rho_5numiter.pdf used on input line 1890.
(pdftex.def)             Requested size: 124.80373pt x 124.80286pt.

Overfull \hbox (8.70831pt too wide) in paragraph at lines 1893--1894
 [] 
 []

pdfTeX warning (ext4): destination with the same identifier (name{figure.1}) ha
s been already used, duplicate ignored
<to be read again> 
                   \relax 
l.1903 }
        pdfTeX warning (ext4): destination with the same identifier (name{figur
e.1}) has been already used, duplicate ignored
<to be read again> 
                   \relax 
l.1903 }
        

LaTeX Warning: Float too large for page by 7.71033pt on input line 1906.


<plots/sim_sigmax_5numiter_100tCutoff_unimp.pdf, id=1669, 361.35pt x 361.35pt>
File: plots/sim_sigmax_5numiter_100tCutoff_unimp.pdf Graphic file (type pdf)

<use plots/sim_sigmax_5numiter_100tCutoff_unimp.pdf>
Package pdftex.def Info: plots/sim_sigmax_5numiter_100tCutoff_unimp.pdf used on
 input line 1922.
(pdftex.def)             Requested size: 124.80373pt x 124.80286pt.

<plots/sim_sigmay_5numiter_100tCutoff_unimp.pdf, id=1671, 361.35pt x 361.35pt>
File: plots/sim_sigmay_5numiter_100tCutoff_unimp.pdf Graphic file (type pdf)

<use plots/sim_sigmay_5numiter_100tCutoff_unimp.pdf>
Package pdftex.def Info: plots/sim_sigmay_5numiter_100tCutoff_unimp.pdf used on
 input line 1928.
(pdftex.def)             Requested size: 124.80373pt x 124.80286pt.

<plots/sim_rho_5numiter_100tCutoff_unimp.pdf, id=1673, 361.35pt x 361.35pt>
File: plots/sim_rho_5numiter_100tCutoff_unimp.pdf Graphic file (type pdf)

<use plots/sim_rho_5numiter_100tCutoff_unimp.pdf>
Package pdftex.def Info: plots/sim_rho_5numiter_100tCutoff_unimp.pdf used on in
put line 1931.
(pdftex.def)             Requested size: 124.80373pt x 124.80286pt.
pdfTeX warning (ext4): destination with the same identifier (name{figure.2}) ha
s been already used, duplicate ignored
<to be read again> 
                   \relax 
l.1942 }
        pdfTeX warning (ext4): destination with the same identifier (name{figur
e.2}) has been already used, duplicate ignored
<to be read again> 
                   \relax 
l.1942 }
        
<plots/sim_2epoch_mcles_tsplits[0.25, 0.25].pdf, id=1675, 361.35pt x 361.35pt>
File: plots/sim_2epoch_mcles_tsplits[0.25, 0.25].pdf Graphic file (type pdf)

<use plots/sim_2epoch_mcles_tsplits[0.25, 0.25].pdf>
Package pdftex.def Info: plots/sim_2epoch_mcles_tsplits[0.25, 0.25].pdf used on
 input line 1961.
(pdftex.def)             Requested size: 124.80373pt x 124.80286pt.
File: plots/sim_2epoch_mcles_tsplits[0.5, 0.25].pdf Graphic file (type pdf)

<use plots/sim_2epoch_mcles_tsplits[0.5, 0.25].pdf>
Package pdftex.def Info: plots/sim_2epoch_mcles_tsplits[0.5, 0.25].pdf used on 
input line 1970.
(pdftex.def)             Requested size: 124.80373pt x 124.80286pt.
File: plots/sim_2epoch_mcles_tsplits[0.25, 0.5].pdf Graphic file (type pdf)

<use plots/sim_2epoch_mcles_tsplits[0.25, 0.5].pdf>
Package pdftex.def Info: plots/sim_2epoch_mcles_tsplits[0.25, 0.5].pdf used on 
input line 1980.
(pdftex.def)             Requested size: 124.80373pt x 124.80286pt.

<plots/sim_2epoch_mcles_tsplits[0.5, 0.5].pdf, id=1679, 361.35pt x 361.35pt>
File: plots/sim_2epoch_mcles_tsplits[0.5, 0.5].pdf Graphic file (type pdf)

<use plots/sim_2epoch_mcles_tsplits[0.5, 0.5].pdf>
Package pdftex.def Info: plots/sim_2epoch_mcles_tsplits[0.5, 0.5].pdf used on i
nput line 1988.
(pdftex.def)             Requested size: 124.80373pt x 124.80286pt.
pdfTeX warning (ext4): destination with the same identifier (name{figure.3}) ha
s been already used, duplicate ignored
<to be read again> 
                   \relax 
l.2005 }
        pdfTeX warning (ext4): destination with the same identifier (name{figur
e.3}) has been already used, duplicate ignored
<to be read again> 
                   \relax 
l.2005 }
        
<plots/1001G_tCutoff10000_tsplits[10]_groupEurasia-no-Japan_mcle-dispersal.pdf,
 id=1683, 411.57828pt x 264.4552pt>
File: plots/1001G_tCutoff10000_tsplits[10]_groupEurasia-no-Japan_mcle-dispersal
.pdf Graphic file (type pdf)

<use plots/1001G_tCutoff10000_tsplits[10]_groupEurasia-no-Japan_mcle-dispersal.
pdf>
Package pdftex.def Info: plots/1001G_tCutoff10000_tsplits[10]_groupEurasia-no-J
apan_mcle-dispersal.pdf used on input line 2024.
(pdftex.def)             Requested size: 191.10214pt x 122.79283pt.

<plots/1001G_tCutoff10000_tsplits[100]_groupEurasia-no-Japan_mcle-dispersal.pdf
, id=1684, 411.57828pt x 264.4552pt>
File: plots/1001G_tCutoff10000_tsplits[100]_groupEurasia-no-Japan_mcle-dispersa
l.pdf Graphic file (type pdf)

<use plots/1001G_tCutoff10000_tsplits[100]_groupEurasia-no-Japan_mcle-dispersal
.pdf>
Package pdftex.def Info: plots/1001G_tCutoff10000_tsplits[100]_groupEurasia-no-
Japan_mcle-dispersal.pdf used on input line 2031.
(pdftex.def)             Requested size: 191.10214pt x 122.79283pt.

<plots/1001G_tCutoff10000_tsplits[1000]_groupEurasia-no-Japan_mcle-dispersal.pd
f, id=1685, 411.57828pt x 264.4552pt>
File: plots/1001G_tCutoff10000_tsplits[1000]_groupEurasia-no-Japan_mcle-dispers
al.pdf Graphic file (type pdf)

<use plots/1001G_tCutoff10000_tsplits[1000]_groupEurasia-no-Japan_mcle-dispersa
l.pdf>
Package pdftex.def Info: plots/1001G_tCutoff10000_tsplits[1000]_groupEurasia-no
-Japan_mcle-dispersal.pdf used on input line 2038.
(pdftex.def)             Requested size: 191.10214pt x 122.79283pt.
pdfTeX warning (ext4): destination with the same identifier (name{figure.4}) ha
s been already used, duplicate ignored
<to be read again> 
                   \relax 
l.2051 }
        pdfTeX warning (ext4): destination with the same identifier (name{figur
e.4}) has been already used, duplicate ignored
<to be read again> 
                   \relax 
l.2051 }
        
<plots/1001G_tCutoff10000_tsplits[10,100]_groupEurasia-no-Japan_mcle-dispersal.
pdf, id=1688, 411.57828pt x 264.4552pt>
File: plots/1001G_tCutoff10000_tsplits[10,100]_groupEurasia-no-Japan_mcle-dispe
rsal.pdf Graphic file (type pdf)

<use plots/1001G_tCutoff10000_tsplits[10,100]_groupEurasia-no-Japan_mcle-disper
sal.pdf>
Package pdftex.def Info: plots/1001G_tCutoff10000_tsplits[10,100]_groupEurasia-
no-Japan_mcle-dispersal.pdf used on input line 2068.
(pdftex.def)             Requested size: 191.10214pt x 122.79283pt.

<plots/1001G_tCutoff10000_tsplits[10,1000]_groupEurasia-no-Japan_mcle-dispersal
.pdf, id=1689, 411.57828pt x 264.4552pt>
File: plots/1001G_tCutoff10000_tsplits[10,1000]_groupEurasia-no-Japan_mcle-disp
ersal.pdf Graphic file (type pdf)

<use plots/1001G_tCutoff10000_tsplits[10,1000]_groupEurasia-no-Japan_mcle-dispe
rsal.pdf>
Package pdftex.def Info: plots/1001G_tCutoff10000_tsplits[10,1000]_groupEurasia
-no-Japan_mcle-dispersal.pdf used on input line 2075.
(pdftex.def)             Requested size: 191.10214pt x 122.79283pt.

<plots/1001G_tCutoff10000_tsplits[100,1000]_groupEurasia-no-Japan_mcle-dispersa
l.pdf, id=1690, 411.57828pt x 264.4552pt>
File: plots/1001G_tCutoff10000_tsplits[100,1000]_groupEurasia-no-Japan_mcle-dis
persal.pdf Graphic file (type pdf)

<use plots/1001G_tCutoff10000_tsplits[100,1000]_groupEurasia-no-Japan_mcle-disp
ersal.pdf>
Package pdftex.def Info: plots/1001G_tCutoff10000_tsplits[100,1000]_groupEurasi
a-no-Japan_mcle-dispersal.pdf used on input line 2082.
(pdftex.def)             Requested size: 191.10214pt x 122.79283pt.
pdfTeX warning (ext4): destination with the same identifier (name{figure.5}) ha
s been already used, duplicate ignored
<to be read again> 
                   \relax 
l.2095 }
        pdfTeX warning (ext4): destination with the same identifier (name{figur
e.5}) has been already used, duplicate ignored
<to be read again> 
                   \relax 
l.2095 }
        
<plots/1001G_coalescence-times_nodes[877,778]_chr2.pdf, id=1693, 389.91748pt x 
266.9235pt>
File: plots/1001G_coalescence-times_nodes[877,778]_chr2.pdf Graphic file (type 
pdf)
 <use plots/1001G_coalescence-times_nodes[877,778]_chr2.pdf>
Package pdftex.def Info: plots/1001G_coalescence-times_nodes[877,778]_chr2.pdf 
used on input line 2112.
(pdftex.def)             Requested size: 195.0pt x 133.48991pt.

<plots/1001G_coalescence-times_nodes[1044,1113]_chr2.pdf, id=1694, 389.91748pt 
x 263.16693pt>
File: plots/1001G_coalescence-times_nodes[1044,1113]_chr2.pdf Graphic file (typ
e pdf)
 <use plots/1001G_coalescence-times_nodes[1044,1113]_chr2.pdf>
Package pdftex.def Info: plots/1001G_coalescence-times_nodes[1044,1113]_chr2.pd
f used on input line 2119.
(pdftex.def)             Requested size: 195.0pt x 131.61125pt.

<plots/1001G_coalescence-times_nodes[457,363]_chr5.pdf, id=1695, 389.3264pt x 2
66.98776pt>
File: plots/1001G_coalescence-times_nodes[457,363]_chr5.pdf Graphic file (type 
pdf)
 <use plots/1001G_coalescence-times_nodes[457,363]_chr5.pdf>
Package pdftex.def Info: plots/1001G_coalescence-times_nodes[457,363]_chr5.pdf 
used on input line 2126.
(pdftex.def)             Requested size: 195.0pt x 133.72575pt.
pdfTeX warning (ext4): destination with the same identifier (name{figure.6}) ha
s been already used, duplicate ignored
<to be read again> 
                   \relax 
l.2139 }
        pdfTeX warning (ext4): destination with the same identifier (name{figur
e.6}) has been already used, duplicate ignored
<to be read again> 
                   \relax 
l.2139 }
         <plots/1001g_NA-EUR.pdf, id=1696, 701.01903pt x 701.01903pt>
File: plots/1001g_NA-EUR.pdf Graphic file (type pdf)

<use plots/1001g_NA-EUR.pdf>
Package pdftex.def Info: plots/1001g_NA-EUR.pdf used on input line 2155.
(pdftex.def)             Requested size: 390.0pt x 390.00078pt.

Overfull \hbox (7.8324pt too wide) in paragraph at lines 2158--2159
 [] 
 []

pdfTeX warning (ext4): destination with the same identifier (name{figure.7}) ha
s been already used, duplicate ignored
<to be read again> 
                   \relax 
l.2166 }
        pdfTeX warning (ext4): destination with the same identifier (name{figur
e.7}) has been already used, duplicate ignored
<to be read again> 
                   \relax 
l.2166 }
        
<plots/1001G_genome-displacements_tsplits[10,100,1000]_node313_time10.pdf, id=1
699, 701.01903pt x 85.9781pt>
File: plots/1001G_genome-displacements_tsplits[10,100,1000]_node313_time10.pdf 
Graphic file (type pdf)

<use plots/1001G_genome-displacements_tsplits[10,100,1000]_node313_time10.pdf>
Package pdftex.def Info: plots/1001G_genome-displacements_tsplits[10,100,1000]_
node313_time10.pdf used on input line 2183.
(pdftex.def)             Requested size: 390.0pt x 47.83253pt.

<plots/1001G_genome-displacements_tsplits[10,100,1000]_node408_time10.pdf, id=1
700, 701.01903pt x 93.41331pt>
File: plots/1001G_genome-displacements_tsplits[10,100,1000]_node408_time10.pdf 
Graphic file (type pdf)

<use plots/1001G_genome-displacements_tsplits[10,100,1000]_node408_time10.pdf>
Package pdftex.def Info: plots/1001G_genome-displacements_tsplits[10,100,1000]_
node408_time10.pdf used on input line 2190.
(pdftex.def)             Requested size: 390.0pt x 51.969pt.

<plots/1001G_genome-displacements_tsplits[10,100,1000]_node488_time10.pdf, id=1
701, 701.01903pt x 103.13045pt>
File: plots/1001G_genome-displacements_tsplits[10,100,1000]_node488_time10.pdf 
Graphic file (type pdf)

<use plots/1001G_genome-displacements_tsplits[10,100,1000]_node488_time10.pdf>
Package pdftex.def Info: plots/1001G_genome-displacements_tsplits[10,100,1000]_
node488_time10.pdf used on input line 2197.
(pdftex.def)             Requested size: 390.0pt x 57.37497pt.
File: plots/1001G_genome-displacements_tsplits[10,100,1000]_node881_time10.pdf 
Graphic file (type pdf)

<use plots/1001G_genome-displacements_tsplits[10,100,1000]_node881_time10.pdf>
Package pdftex.def Info: plots/1001G_genome-displacements_tsplits[10,100,1000]_
node881_time10.pdf used on input line 2204.
(pdftex.def)             Requested size: 390.0pt x 66.27307pt.
File: plots/1001G_genome-displacements_tsplits[10,100,1000]_node1044_time10.pdf
 Graphic file (type pdf)

<use plots/1001G_genome-displacements_tsplits[10,100,1000]_node1044_time10.pdf>
Package pdftex.def Info: plots/1001G_genome-displacements_tsplits[10,100,1000]_
node1044_time10.pdf used on input line 2211.
(pdftex.def)             Requested size: 390.0pt x 48.25769pt.

<plots/1001G_genome-displacements_tsplits[10,100,1000]_node1095_time10.pdf, id=
1702, 701.01903pt x 150.72577pt>
File: plots/1001G_genome-displacements_tsplits[10,100,1000]_node1095_time10.pdf
 Graphic file (type pdf)

<use plots/1001G_genome-displacements_tsplits[10,100,1000]_node1095_time10.pdf>
Package pdftex.def Info: plots/1001G_genome-displacements_tsplits[10,100,1000]_
node1095_time10.pdf used on input line 2218.
(pdftex.def)             Requested size: 390.0pt x 83.85387pt.

Overfull \hbox (7.8324pt too wide) in paragraph at lines 2224--2225
 [] 
 []

pdfTeX warning (ext4): destination with the same identifier (name{figure.8}) ha
s been already used, duplicate ignored
<to be read again> 
                   \relax 
l.2231 }
        pdfTeX warning (ext4): destination with the same identifier (name{figur
e.8}) has been already used, duplicate ignored
<to be read again> 
                   \relax 
l.2231 }
        
Package atveryend Info: Empty hook `BeforeClearDocument' on input line 2237.
 [60 <./plots/sim_sigmay_5numiter_100tCutoff.pdf> <./plots/sim_rho_5numiter_100
tCutoff.pdf> <./plots/sim_sigmax_5numiter_1000tCutoff.pdf> <./plots/sim_sigmay_
5numiter_1000tCutoff.pdf> <./plots/sim_rho_5numiter_1000tCutoff.pdf> <./plots/s
im_sigmax_5numiter.pdf> <./plots/sim_sigmay_5numiter.pdf> <./plots/sim_rho_5num
iter.pdf>] [61 <./plots/sim_sigmax_5numiter_100tCutoff_unimp.pdf> <./plots/sim_
sigmay_5numiter_100tCutoff_unimp.pdf> <./plots/sim_rho_5numiter_100tCutoff_unim
p.pdf>] [62 <./plots/sim_2epoch_mcles_tsplits[0.25, 0.25].pdf> <./plots/sim_2ep
och_mcles_tsplits[0.5, 0.5].pdf>] [63 <./plots/1001G_tCutoff10000_tsplits[10]_g
roupEurasia-no-Japan_mcle-dispersal.pdf> <./plots/1001G_tCutoff10000_tsplits[10
0]_groupEurasia-no-Japan_mcle-dispersal.pdf

pdfTeX warning: /Library/TeX/texbin/pdflatex (file ./plots/1001G_tCutoff10000_t
splits[100]_groupEurasia-no-Japan_mcle-dispersal.pdf): PDF inclusion: multiple 
pdfs with page group included in a single page
> <./plots/1001G_tCutoff10000_tsplits[1000]_groupEurasia-no-Japan_mcle-dispersa
l.pdf

pdfTeX warning: /Library/TeX/texbin/pdflatex (file ./plots/1001G_tCutoff10000_t
splits[1000]_groupEurasia-no-Japan_mcle-dispersal.pdf): PDF inclusion: multiple
 pdfs with page group included in a single page
>] [64 <./plots/1001G_tCutoff10000_tsplits[10,100]_groupEurasia-no-Japan_mcle-d
ispersal.pdf> <./plots/1001G_tCutoff10000_tsplits[10,1000]_groupEurasia-no-Japa
n_mcle-dispersal.pdf

pdfTeX warning: /Library/TeX/texbin/pdflatex (file ./plots/1001G_tCutoff10000_t
splits[10,1000]_groupEurasia-no-Japan_mcle-dispersal.pdf): PDF inclusion: multi
ple pdfs with page group included in a single page
> <./plots/1001G_tCutoff10000_tsplits[100,1000]_groupEurasia-no-Japan_mcle-disp
ersal.pdf

pdfTeX warning: /Library/TeX/texbin/pdflatex (file ./plots/1001G_tCutoff10000_t
splits[100,1000]_groupEurasia-no-Japan_mcle-dispersal.pdf): PDF inclusion: mult
iple pdfs with page group included in a single page
>] [65 <./plots/1001G_coalescence-times_nodes[877,778]_chr2.pdf> <./plots/1001G
_coalescence-times_nodes[1044,1113]_chr2.pdf

pdfTeX warning: /Library/TeX/texbin/pdflatex (file ./plots/1001G_coalescence-ti
mes_nodes[1044,1113]_chr2.pdf): PDF inclusion: multiple pdfs with page group in
cluded in a single page
> <./plots/1001G_coalescence-times_nodes[457,363]_chr5.pdf

pdfTeX warning: /Library/TeX/texbin/pdflatex (file ./plots/1001G_coalescence-ti
mes_nodes[457,363]_chr5.pdf): PDF inclusion: multiple pdfs with page group incl
uded in a single page
>] [66 <./plots/1001g_NA-EUR.pdf>] [67 <./plots/1001G_genome-displacements_tspl
its[10,100,1000]_node313_time10.pdf> <./plots/1001G_genome-displacements_tsplit
s[10,100,1000]_node408_time10.pdf

pdfTeX warning: /Library/TeX/texbin/pdflatex (file ./plots/1001G_genome-displac
ements_tsplits[10,100,1000]_node408_time10.pdf): PDF inclusion: multiple pdfs w
ith page group included in a single page
> <./plots/1001G_genome-displacements_tsplits[10,100,1000]_node488_time10.pdf

pdfTeX warning: /Library/TeX/texbin/pdflatex (file ./plots/1001G_genome-displac
ements_tsplits[10,100,1000]_node488_time10.pdf): PDF inclusion: multiple pdfs w
ith page group included in a single page
> <./plots/1001G_genome-displacements_tsplits[10,100,1000]_node1095_time10.pdf

pdfTeX warning: /Library/TeX/texbin/pdflatex (file ./plots/1001G_genome-displac
ements_tsplits[10,100,1000]_node1095_time10.pdf): PDF inclusion: multiple pdfs 
with page group included in a single page
>]
Package atveryend Info: Empty hook `AfterLastShipout' on input line 2237.
 (./ms.aux)
Package atveryend Info: Executing hook `AtVeryEndDocument' on input line 2237.
Package atveryend Info: Executing hook `AtEndAfterFileList' on input line 2237.

Package rerunfilecheck Info: File `ms.out' has not changed.
(rerunfilecheck)             Checksum: D41D8CD98F00B204E9800998ECF8427E;0.


LaTeX Warning: Label(s) may have changed. Rerun to get cross-references right.

Package atveryend Info: Empty hook `AtVeryVeryEnd' on input line 2237.
 ) 
Here is how much of TeX's memory you used:
 29377 strings out of 492995
 712663 string characters out of 6132704
 956225 words of memory out of 5000000
 32212 multiletter control sequences out of 15000+600000
 22883 words of font info for 84 fonts, out of 8000000 for 9000
 1141 hyphenation exceptions out of 8191
 76i,13n,133p,1105b,2324s stack positions out of 5000i,500n,10000p,200000b,80000s
</usr/local/texlive/2017/texmf-dist/fonts/type1/public/amsfonts/cm/cmbx12.pfb
></usr/local/texlive/2017/texmf-dist/fonts/type1/public/amsfonts/cm/cmbx8.pfb><
/usr/local/texlive/2017/texmf-dist/fonts/type1/public/amsfonts/cm/cmbxti10.pfb>
</usr/local/texlive/2017/texmf-dist/fonts/type1/public/amsfonts/cm/cmex10.pfb><
/usr/local/texlive/2017/texmf-dist/fonts/type1/public/amsfonts/cm/cmmi10.pfb></
usr/local/texlive/2017/texmf-dist/fonts/type1/public/amsfonts/cm/cmmi12.pfb></u
sr/local/texlive/2017/texmf-dist/fonts/type1/public/amsfonts/cm/cmmi6.pfb></usr
/local/texlive/2017/texmf-dist/fonts/type1/public/amsfonts/cm/cmmi7.pfb></usr/l
ocal/texlive/2017/texmf-dist/fonts/type1/public/amsfonts/cm/cmmi8.pfb></usr/loc
al/texlive/2017/texmf-dist/fonts/type1/public/amsfonts/cm/cmmib10.pfb></usr/loc
al/texlive/2017/texmf-dist/fonts/type1/public/amsfonts/cm/cmr10.pfb></usr/local
/texlive/2017/texmf-dist/fonts/type1/public/amsfonts/cm/cmr12.pfb></usr/local/t
exlive/2017/texmf-dist/fonts/type1/public/amsfonts/cm/cmr17.pfb></usr/local/tex
live/2017/texmf-dist/fonts/type1/public/amsfonts/cm/cmr6.pfb></usr/local/texliv
e/2017/texmf-dist/fonts/type1/public/amsfonts/cm/cmr7.pfb></usr/local/texlive/2
017/texmf-dist/fonts/type1/public/amsfonts/cm/cmr8.pfb></usr/local/texlive/2017
/texmf-dist/fonts/type1/public/amsfonts/cm/cmss8.pfb></usr/local/texlive/2017/t
exmf-dist/fonts/type1/public/amsfonts/cm/cmsy10.pfb></usr/local/texlive/2017/te
xmf-dist/fonts/type1/public/amsfonts/cm/cmsy8.pfb></usr/local/texlive/2017/texm
f-dist/fonts/type1/public/amsfonts/cm/cmti12.pfb></usr/local/texlive/2017/texmf
-dist/fonts/type1/public/amsfonts/cm/cmtt12.pfb></usr/local/texlive/2017/texmf-
dist/fonts/type1/public/amsfonts/symbols/msam10.pfb></usr/local/texlive/2017/te
xmf-dist/fonts/type1/public/amsfonts/symbols/msbm10.pfb>
Output written on ms.pdf (67 pages, 5869412 bytes).
PDF statistics:
 2582 PDF objects out of 2984 (max. 8388607)
 1448 compressed objects within 15 object streams
 242 named destinations out of 1000 (max. 500000)
 500 words of extra memory for PDF output out of 10000 (max. 10000000)

